{"meta": {"format": 3, "version": "7.15.0", "timestamp": "2026-07-17T18:02:32.771913", "branch_coverage": false, "show_contexts": false}, "files": {"backend/brokers/__init__.py": {"executed_lines": [34, 35, 37], "summary": {"covered_lines": 3, "num_statements": 3, "percent_covered": 100.0, "percent_covered_display": "100", "missing_lines": 0, "excluded_lines": 0, "percent_statements_covered": 100.0, "percent_statements_covered_display": "100"}, "missing_lines": [], "excluded_lines": [], "functions": {"": {"executed_lines": [34, 35, 37], "summary": {"covered_lines": 3, "num_statements": 3, "percent_covered": 100.0, "percent_covered_display": "100", "missing_lines": 0, "excluded_lines": 0, "percent_statements_covered": 100.0, "percent_statements_covered_display": "100"}, "missing_lines": [], "excluded_lines": [], "start_line": 1}}, "classes": {"": {"executed_lines": [34, 35, 37], "summary": {"covered_lines": 3, "num_statements": 3, "percent_covered": 100.0, "percent_covered_display": "100", "missing_lines": 0, "excluded_lines": 0, "percent_statements_covered": 100.0, "percent_statements_covered_display": "100"}, "missing_lines": [], "excluded_lines": [], "start_line": 1}}}, "backend/brokers/adapters/__init__.py": {"executed_lines": [], "summary": {"covered_lines": 0, "num_statements": 0, "percent_covered": 100.0, "percent_covered_display": "100", "missing_lines": 0, "excluded_lines": 0, "percent_statements_covered": 100.0, "percent_statements_covered_display": "100"}, "missing_lines": [], "excluded_lines": [], "functions": {"": {"executed_lines": [], "summary": {"covered_lines": 0, "num_statements": 0, "percent_covered": 100.0, "percent_covered_display": "100", "missing_lines": 0, "excluded_lines": 0, "percent_statements_covered": 100.0, "percent_statements_covered_display": "100"}, "missing_lines": [], "excluded_lines": [], "start_line": 1}}, "classes": {"": {"executed_lines": [], "summary": {"covered_lines": 0, "num_statements": 0, "percent_covered": 100.0, "percent_covered_display": "100", "missing_lines": 0, "excluded_lines": 0, "percent_statements_covered": 100.0, "percent_statements_covered_display": "100"}, "missing_lines": [], "excluded_lines": [], "start_line": 1}}}, "backend/brokers/adapters/dhan.py": {"executed_lines": [36, 38, 39, 40, 41, 43, 44, 48, 49, 51, 54, 62, 72, 73, 81, 127, 139, 154, 169, 178, 181, 202, 215, 216, 217, 218, 219, 222, 224, 225, 226, 229, 257, 260, 263, 265, 268, 270, 271, 272, 277, 286, 287, 289, 290, 291, 292, 293, 294, 295, 296, 297, 298, 299, 300, 301, 302, 305, 308, 314, 315, 316, 317, 321, 324, 331, 332, 333, 334, 339, 342, 350, 351, 352, 353, 354, 355, 361, 363, 364, 365, 371, 380, 381, 386, 394, 395, 396, 397, 398, 399, 400, 402, 411, 412, 415, 435, 436, 437, 438, 439, 440, 441, 444, 445, 447, 448, 452, 453, 454, 456, 457, 458, 459, 460, 461, 469, 478, 506, 528, 530, 531, 532, 533, 534, 535, 536, 546, 548, 549, 552, 562, 629, 639, 646, 654, 662, 665, 688, 696, 716, 735, 746, 760, 772, 818, 822, 828, 829, 830, 832, 833, 836, 837, 841, 843, 857, 859, 861, 862, 864, 874, 875, 876, 877, 880, 891, 892, 893, 901, 902, 903, 907, 911, 928, 932, 936, 955, 959, 996, 1000, 1027, 1066, 1076, 1092, 1106, 1111, 1143, 1166, 1194, 1209, 1258, 1271, 1297, 1331, 1345, 1373, 1388, 1398, 1425, 1438, 1441, 1442, 1443, 1444, 1445, 1454, 1456, 1457, 1458, 1459, 1464, 1466, 1467, 1468, 1469, 1474, 1476, 1477, 1478, 1479, 1483, 1512, 1523, 1554, 1560, 1569, 1580, 1598, 1600, 1601, 1602, 1610, 1612, 1613, 1614, 1615, 1618, 1620, 1621, 1622, 1623, 1626, 1628, 1629, 1630, 1631, 1632, 1633, 1634, 1635, 1636, 1655, 1665, 1668, 1678, 1762, 1788, 1800, 1823, 1844, 1847, 1860, 1878, 1925, 1948, 1951, 1975, 1979, 1997, 2024, 2035], "summary": {"covered_lines": 272, "num_statements": 719, "percent_covered": 37.83031988873435, "percent_covered_display": "38", "missing_lines": 447, "excluded_lines": 0, "percent_statements_covered": 37.83031988873435, "percent_statements_covered_display": "38"}, "missing_lines": [65, 66, 90, 92, 93, 94, 95, 188, 189, 190, 191, 192, 193, 194, 195, 196, 197, 198, 199, 205, 206, 207, 208, 209, 210, 211, 212, 213, 273, 274, 288, 303, 304, 318, 320, 337, 338, 356, 357, 358, 366, 367, 368, 382, 383, 401, 442, 443, 446, 455, 464, 465, 466, 471, 472, 473, 474, 475, 485, 486, 557, 558, 559, 589, 590, 591, 592, 593, 594, 595, 596, 597, 598, 601, 602, 603, 604, 605, 606, 609, 618, 656, 657, 658, 659, 674, 690, 691, 692, 693, 702, 707, 711, 712, 713, 727, 728, 729, 730, 731, 732, 737, 738, 748, 765, 766, 767, 768, 769, 774, 775, 776, 780, 781, 782, 783, 784, 785, 786, 787, 788, 789, 790, 791, 792, 793, 794, 795, 796, 797, 799, 800, 801, 802, 803, 814, 815, 823, 824, 834, 858, 878, 879, 916, 917, 918, 919, 925, 926, 929, 930, 933, 934, 937, 943, 944, 945, 946, 947, 951, 952, 953, 956, 957, 974, 978, 980, 984, 985, 986, 987, 988, 989, 993, 994, 997, 998, 1006, 1007, 1008, 1012, 1013, 1014, 1017, 1018, 1019, 1020, 1021, 1022, 1023, 1037, 1038, 1044, 1045, 1046, 1050, 1054, 1055, 1056, 1057, 1059, 1060, 1061, 1062, 1063, 1064, 1074, 1083, 1084, 1085, 1087, 1088, 1089, 1090, 1104, 1109, 1127, 1128, 1129, 1130, 1131, 1132, 1133, 1134, 1136, 1137, 1138, 1139, 1141, 1148, 1149, 1154, 1155, 1156, 1157, 1160, 1161, 1162, 1169, 1170, 1171, 1172, 1173, 1177, 1185, 1186, 1199, 1200, 1201, 1202, 1203, 1204, 1206, 1207, 1215, 1216, 1217, 1218, 1222, 1223, 1225, 1226, 1227, 1228, 1229, 1235, 1236, 1237, 1238, 1239, 1240, 1242, 1254, 1255, 1256, 1259, 1267, 1268, 1269, 1272, 1273, 1274, 1275, 1309, 1310, 1315, 1316, 1317, 1320, 1321, 1322, 1326, 1327, 1328, 1329, 1338, 1341, 1342, 1343, 1362, 1363, 1364, 1365, 1366, 1367, 1368, 1369, 1370, 1371, 1382, 1383, 1384, 1385, 1386, 1390, 1391, 1392, 1393, 1394, 1415, 1416, 1417, 1418, 1422, 1423, 1427, 1460, 1461, 1470, 1471, 1480, 1493, 1494, 1495, 1496, 1497, 1498, 1499, 1500, 1501, 1502, 1503, 1504, 1505, 1506, 1507, 1508, 1509, 1514, 1515, 1516, 1533, 1534, 1535, 1539, 1540, 1541, 1542, 1543, 1544, 1545, 1546, 1547, 1548, 1549, 1550, 1551, 1556, 1557, 1562, 1563, 1564, 1565, 1566, 1571, 1582, 1583, 1584, 1672, 1673, 1674, 1675, 1684, 1685, 1686, 1687, 1695, 1696, 1698, 1701, 1704, 1706, 1780, 1781, 1782, 1783, 1784, 1785, 1794, 1795, 1796, 1797, 1810, 1811, 1812, 1817, 1818, 1819, 1820, 1830, 1831, 1832, 1849, 1850, 1862, 1863, 1885, 1886, 1887, 1890, 1893, 1901, 1907, 1915, 1953, 1954, 1976, 1980, 1981, 1982, 1983, 1994, 2002, 2003, 2004, 2005, 2007, 2008, 2009, 2010, 2011, 2012, 2014, 2015, 2016, 2017, 2036], "excluded_lines": [], "functions": {"_dhan_exc": {"executed_lines": [], "summary": {"covered_lines": 0, "num_statements": 2, "percent_covered": 0.0, "percent_covered_display": "0", "missing_lines": 2, "excluded_lines": 0, "percent_statements_covered": 0.0, "percent_statements_covered_display": "0"}, "missing_lines": [65, 66], "excluded_lines": [], "start_line": 62}, "_emit_conn_event": {"executed_lines": [], "summary": {"covered_lines": 0, "num_statements": 5, "percent_covered": 0.0, "percent_covered_display": "0", "missing_lines": 5, "excluded_lines": 0, "percent_statements_covered": 0.0, "percent_statements_covered_display": "0"}, "missing_lines": [90, 92, 93, 94, 95], "excluded_lines": [], "start_line": 81}, "_extract_dhan_status_rows": {"executed_lines": [], "summary": {"covered_lines": 0, "num_statements": 12, "percent_covered": 0.0, "percent_covered_display": "0", "missing_lines": 12, "excluded_lines": 0, "percent_statements_covered": 0.0, "percent_statements_covered_display": "0"}, "missing_lines": [188, 189, 190, 191, 192, 193, 194, 195, 196, 197, 198, 199], "excluded_lines": [], "start_line": 181}, "_dhan_row_indicates_open": {"executed_lines": [], "summary": {"covered_lines": 0, "num_statements": 9, "percent_covered": 0.0, "percent_covered_display": "0", "missing_lines": 9, "excluded_lines": 0, "percent_statements_covered": 0.0, "percent_statements_covered_display": "0"}, "missing_lines": [205, 206, 207, 208, 209, 210, 211, 212, 213], "excluded_lines": [], "start_line": 202}, "_ist_today": {"executed_lines": [224, 225, 226], "summary": {"covered_lines": 3, "num_statements": 3, "percent_covered": 100.0, "percent_covered_display": "100", "missing_lines": 0, "excluded_lines": 0, "percent_statements_covered": 100.0, "percent_statements_covered_display": "100"}, "missing_lines": [], "excluded_lines": [], "start_line": 222}, "_dhan_format_strike": {"executed_lines": [270, 271, 272], "summary": {"covered_lines": 3, "num_statements": 5, "percent_covered": 60.0, "percent_covered_display": "60", "missing_lines": 2, "excluded_lines": 0, "percent_statements_covered": 60.0, "percent_statements_covered_display": "60"}, "missing_lines": [273, 274], "excluded_lines": [], "start_line": 268}, "_dhan_to_kite_symbol": {"executed_lines": [286, 287, 289, 290, 291, 292, 293, 294, 295, 296, 297, 298, 299, 300, 301, 302, 305], "summary": {"covered_lines": 17, "num_statements": 20, "percent_covered": 85.0, "percent_covered_display": "85", "missing_lines": 3, "excluded_lines": 0, "percent_statements_covered": 85.0, "percent_statements_covered_display": "85"}, "missing_lines": [288, 303, 304], "excluded_lines": [], "start_line": 277}, "_parse_dhan_csv_header": {"executed_lines": [314, 315, 316, 317, 321], "summary": {"covered_lines": 5, "num_statements": 7, "percent_covered": 71.42857142857143, "percent_covered_display": "71", "missing_lines": 2, "excluded_lines": 0, "percent_statements_covered": 71.42857142857143, "percent_statements_covered_display": "71"}, "missing_lines": [318, 320], "excluded_lines": [], "start_line": 308}, "_resolve_dhan_kite_exchange": {"executed_lines": [331, 332, 333, 334, 339], "summary": {"covered_lines": 5, "num_statements": 7, "percent_covered": 71.42857142857143, "percent_covered_display": "71", "missing_lines": 2, "excluded_lines": 0, "percent_statements_covered": 71.42857142857143, "percent_statements_covered_display": "71"}, "missing_lines": [337, 338], "excluded_lines": [], "start_line": 324}, "_extract_dhan_lot_size": {"executed_lines": [350, 351, 352, 353, 354, 355], "summary": {"covered_lines": 6, "num_statements": 9, "percent_covered": 66.66666666666667, "percent_covered_display": "67", "missing_lines": 3, "excluded_lines": 0, "percent_statements_covered": 66.66666666666667, "percent_statements_covered_display": "67"}, "missing_lines": [356, 357, 358], "excluded_lines": [], "start_line": 342}, "_extract_dhan_tick_size": {"executed_lines": [363, 364, 365], "summary": {"covered_lines": 3, "num_statements": 6, "percent_covered": 50.0, "percent_covered_display": "50", "missing_lines": 3, "excluded_lines": 0, "percent_statements_covered": 50.0, "percent_statements_covered_display": "50"}, "missing_lines": [366, 367, 368], "excluded_lines": [], "start_line": 361}, "_dhan_instrument_token": {"executed_lines": [380, 381], "summary": {"covered_lines": 2, "num_statements": 4, "percent_covered": 50.0, "percent_covered_display": "50", "missing_lines": 2, "excluded_lines": 0, "percent_statements_covered": 50.0, "percent_statements_covered_display": "50"}, "missing_lines": [382, 383], "excluded_lines": [], "start_line": 371}, "_dhan_process_instrument_row": {"executed_lines": [394, 395, 396, 397, 398, 399, 400, 402, 411, 412], "summary": {"covered_lines": 10, "num_statements": 11, "percent_covered": 90.9090909090909, "percent_covered_display": "91", "missing_lines": 1, "excluded_lines": 0, "percent_statements_covered": 90.9090909090909, "percent_statements_covered_display": "91"}, "missing_lines": [401], "excluded_lines": [], "start_line": 386}, "_load_dhan_instruments": {"executed_lines": [435, 436, 437, 438, 439, 440, 441, 444, 445, 447, 448, 452, 453, 454, 456, 457, 458, 459, 460, 461], "summary": {"covered_lines": 20, "num_statements": 27, "percent_covered": 74.07407407407408, "percent_covered_display": "74", "missing_lines": 7, "excluded_lines": 0, "percent_statements_covered": 74.07407407407408, "percent_statements_covered_display": "74"}, "missing_lines": [442, 443, 446, 455, 464, 465, 466], "excluded_lines": [], "start_line": 415}, "_ensure_dhan_instruments": {"executed_lines": [], "summary": {"covered_lines": 0, "num_statements": 5, "percent_covered": 0.0, "percent_covered_display": "0", "missing_lines": 5, "excluded_lines": 0, "percent_statements_covered": 0.0, "percent_statements_covered_display": "0"}, "missing_lines": [471, 472, 473, 474, 475], "excluded_lines": [], "start_line": 469}, "_resolve_security_id": {"executed_lines": [], "summary": {"covered_lines": 0, "num_statements": 2, "percent_covered": 0.0, "percent_covered_display": "0", "missing_lines": 2, "excluded_lines": 0, "percent_statements_covered": 0.0, "percent_statements_covered_display": "0"}, "missing_lines": [485, 486], "excluded_lines": [], "start_line": 478}, "_looks_like_auth_failure": {"executed_lines": [530, 531, 532, 533, 534, 535, 536], "summary": {"covered_lines": 7, "num_statements": 7, "percent_covered": 100.0, "percent_covered_display": "100", "missing_lines": 0, "excluded_lines": 0, "percent_statements_covered": 100.0, "percent_statements_covered_display": "100"}, "missing_lines": [], "excluded_lines": [], "start_line": 528}, "record_dhan_login_event": {"executed_lines": [], "summary": {"covered_lines": 0, "num_statements": 3, "percent_covered": 0.0, "percent_covered_display": "0", "missing_lines": 3, "excluded_lines": 0, "percent_statements_covered": 0.0, "percent_statements_covered_display": "0"}, "missing_lines": [557, 558, 559], "excluded_lines": [], "start_line": 552}, "_check_dhan_rotation_pattern": {"executed_lines": [], "summary": {"covered_lines": 0, "num_statements": 18, "percent_covered": 0.0, "percent_covered_display": "0", "missing_lines": 18, "excluded_lines": 0, "percent_statements_covered": 0.0, "percent_statements_covered_display": "0"}, "missing_lines": [589, 590, 591, 592, 593, 594, 595, 596, 597, 598, 601, 602, 603, 604, 605, 606, 609, 618], "excluded_lines": [], "start_line": 562}, "_dhan_exchange": {"executed_lines": [], "summary": {"covered_lines": 0, "num_statements": 4, "percent_covered": 0.0, "percent_covered_display": "0", "missing_lines": 4, "excluded_lines": 0, "percent_statements_covered": 0.0, "percent_statements_covered_display": "0"}, "missing_lines": [656, 657, 658, 659], "excluded_lines": [], "start_line": 654}, "_dhan_gtt_base_kwargs": {"executed_lines": [], "summary": {"covered_lines": 0, "num_statements": 1, "percent_covered": 0.0, "percent_covered_display": "0", "missing_lines": 1, "excluded_lines": 0, "percent_statements_covered": 0.0, "percent_statements_covered_display": "0"}, "missing_lines": [674], "excluded_lines": [], "start_line": 665}, "_dhan_gtt_order_id": {"executed_lines": [], "summary": {"covered_lines": 0, "num_statements": 4, "percent_covered": 0.0, "percent_covered_display": "0", "missing_lines": 4, "excluded_lines": 0, "percent_statements_covered": 0.0, "percent_statements_covered_display": "0"}, "missing_lines": [690, 691, 692, 693], "excluded_lines": [], "start_line": 688}, "_dhan_raise_asymmetric_gtt": {"executed_lines": [], "summary": {"covered_lines": 0, "num_statements": 5, "percent_covered": 0.0, "percent_covered_display": "0", "missing_lines": 5, "excluded_lines": 0, "percent_statements_covered": 0.0, "percent_statements_covered_display": "0"}, "missing_lines": [702, 707, 711, 712, 713], "excluded_lines": [], "start_line": 696}, "_dhan_place_forever_kwargs": {"executed_lines": [], "summary": {"covered_lines": 0, "num_statements": 6, "percent_covered": 0.0, "percent_covered_display": "0", "missing_lines": 6, "excluded_lines": 0, "percent_statements_covered": 0.0, "percent_statements_covered_display": "0"}, "missing_lines": [727, 728, 729, 730, 731, 732], "excluded_lines": [], "start_line": 716}, "_dhan_gtt_oco_extra": {"executed_lines": [], "summary": {"covered_lines": 0, "num_statements": 2, "percent_covered": 0.0, "percent_covered_display": "0", "missing_lines": 2, "excluded_lines": 0, "percent_statements_covered": 0.0, "percent_statements_covered_display": "0"}, "missing_lines": [737, 738], "excluded_lines": [], "start_line": 735}, "_dhan_modify_forever_leg": {"executed_lines": [], "summary": {"covered_lines": 0, "num_statements": 1, "percent_covered": 0.0, "percent_covered_display": "0", "missing_lines": 1, "excluded_lines": 0, "percent_statements_covered": 0.0, "percent_statements_covered_display": "0"}, "missing_lines": [748], "excluded_lines": [], "start_line": 746}, "_call_dhan_ledger_raw": {"executed_lines": [], "summary": {"covered_lines": 0, "num_statements": 5, "percent_covered": 0.0, "percent_covered_display": "0", "missing_lines": 5, "excluded_lines": 0, "percent_statements_covered": 0.0, "percent_statements_covered_display": "0"}, "missing_lines": [765, 766, 767, 768, 769], "excluded_lines": [], "start_line": 760}, "_dhan_ledger_aggregate": {"executed_lines": [], "summary": {"covered_lines": 0, "num_statements": 28, "percent_covered": 0.0, "percent_covered_display": "0", "missing_lines": 28, "excluded_lines": 0, "percent_statements_covered": 0.0, "percent_statements_covered_display": "0"}, "missing_lines": [774, 775, 776, 780, 781, 782, 783, 784, 785, 786, 787, 788, 789, 790, 791, 792, 793, 794, 795, 796, 797, 799, 800, 801, 802, 803, 814, 815], "excluded_lines": [], "start_line": 772}, "DhanBroker.__init__": {"executed_lines": [], "summary": {"covered_lines": 0, "num_statements": 2, "percent_covered": 0.0, "percent_covered_display": "0", "missing_lines": 2, "excluded_lines": 0, "percent_statements_covered": 0.0, "percent_statements_covered_display": "0"}, "missing_lines": [823, 824], "excluded_lines": [], "start_line": 822}, "DhanBroker.account": {"executed_lines": [830], "summary": {"covered_lines": 1, "num_statements": 1, "percent_covered": 100.0, "percent_covered_display": "100", "missing_lines": 0, "excluded_lines": 0, "percent_statements_covered": 100.0, "percent_statements_covered_display": "100"}, "missing_lines": [], "excluded_lines": [], "start_line": 829}, "DhanBroker.broker_id": {"executed_lines": [], "summary": {"covered_lines": 0, "num_statements": 1, "percent_covered": 0.0, "percent_covered_display": "0", "missing_lines": 1, "excluded_lines": 0, "percent_statements_covered": 0.0, "percent_statements_covered_display": "0"}, "missing_lines": [834], "excluded_lines": [], "start_line": 833}, "DhanBroker.dhan": {"executed_lines": [841], "summary": {"covered_lines": 1, "num_statements": 1, "percent_covered": 100.0, "percent_covered_display": "100", "missing_lines": 0, "excluded_lines": 0, "percent_statements_covered": 100.0, "percent_statements_covered_display": "100"}, "missing_lines": [], "excluded_lines": [], "start_line": 837}, "DhanBroker._safe_call": {"executed_lines": [857, 859, 861, 862, 864, 874, 875, 876, 877, 880, 891, 892, 893, 901, 902, 903, 907], "summary": {"covered_lines": 17, "num_statements": 20, "percent_covered": 85.0, "percent_covered_display": "85", "missing_lines": 3, "excluded_lines": 0, "percent_statements_covered": 85.0, "percent_statements_covered_display": "85"}, "missing_lines": [858, 878, 879], "excluded_lines": [], "start_line": 843}, "DhanBroker.profile": {"executed_lines": [], "summary": {"covered_lines": 0, "num_statements": 6, "percent_covered": 0.0, "percent_covered_display": "0", "missing_lines": 6, "excluded_lines": 0, "percent_statements_covered": 0.0, "percent_statements_covered_display": "0"}, "missing_lines": [916, 917, 918, 919, 925, 926], "excluded_lines": [], "start_line": 911}, "DhanBroker.holdings": {"executed_lines": [], "summary": {"covered_lines": 0, "num_statements": 2, "percent_covered": 0.0, "percent_covered_display": "0", "missing_lines": 2, "excluded_lines": 0, "percent_statements_covered": 0.0, "percent_statements_covered_display": "0"}, "missing_lines": [929, 930], "excluded_lines": [], "start_line": 928}, "DhanBroker.positions": {"executed_lines": [], "summary": {"covered_lines": 0, "num_statements": 2, "percent_covered": 0.0, "percent_covered_display": "0", "missing_lines": 2, "excluded_lines": 0, "percent_statements_covered": 0.0, "percent_statements_covered_display": "0"}, "missing_lines": [933, 934], "excluded_lines": [], "start_line": 932}, "DhanBroker.margins": {"executed_lines": [], "summary": {"covered_lines": 0, "num_statements": 9, "percent_covered": 0.0, "percent_covered_display": "0", "missing_lines": 9, "excluded_lines": 0, "percent_statements_covered": 0.0, "percent_statements_covered_display": "0"}, "missing_lines": [937, 943, 944, 945, 946, 947, 951, 952, 953], "excluded_lines": [], "start_line": 936}, "DhanBroker.orders": {"executed_lines": [], "summary": {"covered_lines": 0, "num_statements": 2, "percent_covered": 0.0, "percent_covered_display": "0", "missing_lines": 2, "excluded_lines": 0, "percent_statements_covered": 0.0, "percent_statements_covered_display": "0"}, "missing_lines": [956, 957], "excluded_lines": [], "start_line": 955}, "DhanBroker.order_status": {"executed_lines": [], "summary": {"covered_lines": 0, "num_statements": 11, "percent_covered": 0.0, "percent_covered_display": "0", "missing_lines": 11, "excluded_lines": 0, "percent_statements_covered": 0.0, "percent_statements_covered_display": "0"}, "missing_lines": [974, 978, 980, 984, 985, 986, 987, 988, 989, 993, 994], "excluded_lines": [], "start_line": 959}, "DhanBroker.trades": {"executed_lines": [], "summary": {"covered_lines": 0, "num_statements": 2, "percent_covered": 0.0, "percent_covered_display": "0", "missing_lines": 2, "excluded_lines": 0, "percent_statements_covered": 0.0, "percent_statements_covered_display": "0"}, "missing_lines": [997, 998], "excluded_lines": [], "start_line": 996}, "DhanBroker.funds_ledger": {"executed_lines": [], "summary": {"covered_lines": 0, "num_statements": 13, "percent_covered": 0.0, "percent_covered_display": "0", "missing_lines": 13, "excluded_lines": 0, "percent_statements_covered": 0.0, "percent_statements_covered_display": "0"}, "missing_lines": [1006, 1007, 1008, 1012, 1013, 1014, 1017, 1018, 1019, 1020, 1021, 1022, 1023], "excluded_lines": [], "start_line": 1000}, "DhanBroker.ltp": {"executed_lines": [], "summary": {"covered_lines": 0, "num_statements": 16, "percent_covered": 0.0, "percent_covered_display": "0", "missing_lines": 16, "excluded_lines": 0, "percent_statements_covered": 0.0, "percent_statements_covered_display": "0"}, "missing_lines": [1037, 1038, 1044, 1045, 1046, 1050, 1054, 1055, 1056, 1057, 1059, 1060, 1061, 1062, 1063, 1064], "excluded_lines": [], "start_line": 1027}, "DhanBroker.quote": {"executed_lines": [], "summary": {"covered_lines": 0, "num_statements": 1, "percent_covered": 0.0, "percent_covered_display": "0", "missing_lines": 1, "excluded_lines": 0, "percent_statements_covered": 0.0, "percent_statements_covered_display": "0"}, "missing_lines": [1074], "excluded_lines": [], "start_line": 1066}, "DhanBroker.instruments": {"executed_lines": [], "summary": {"covered_lines": 0, "num_statements": 7, "percent_covered": 0.0, "percent_covered_display": "0", "missing_lines": 7, "excluded_lines": 0, "percent_statements_covered": 0.0, "percent_statements_covered_display": "0"}, "missing_lines": [1083, 1084, 1085, 1087, 1088, 1089, 1090], "excluded_lines": [], "start_line": 1076}, "DhanBroker.historical_data": {"executed_lines": [], "summary": {"covered_lines": 0, "num_statements": 1, "percent_covered": 0.0, "percent_covered_display": "0", "missing_lines": 1, "excluded_lines": 0, "percent_statements_covered": 0.0, "percent_statements_covered_display": "0"}, "missing_lines": [1104], "excluded_lines": [], "start_line": 1092}, "DhanBroker.holidays": {"executed_lines": [], "summary": {"covered_lines": 0, "num_statements": 1, "percent_covered": 0.0, "percent_covered_display": "0", "missing_lines": 1, "excluded_lines": 0, "percent_statements_covered": 0.0, "percent_statements_covered_display": "0"}, "missing_lines": [1109], "excluded_lines": [], "start_line": 1106}, "DhanBroker.market_status": {"executed_lines": [], "summary": {"covered_lines": 0, "num_statements": 13, "percent_covered": 0.0, "percent_covered_display": "0", "missing_lines": 13, "excluded_lines": 0, "percent_statements_covered": 0.0, "percent_statements_covered_display": "0"}, "missing_lines": [1127, 1128, 1129, 1130, 1131, 1132, 1133, 1134, 1136, 1137, 1138, 1139, 1141], "excluded_lines": [], "start_line": 1111}, "DhanBroker._call_market_status_sdk": {"executed_lines": [], "summary": {"covered_lines": 0, "num_statements": 9, "percent_covered": 0.0, "percent_covered_display": "0", "missing_lines": 9, "excluded_lines": 0, "percent_statements_covered": 0.0, "percent_statements_covered_display": "0"}, "missing_lines": [1148, 1149, 1154, 1155, 1156, 1157, 1160, 1161, 1162], "excluded_lines": [], "start_line": 1143}, "DhanBroker._margin_for_order": {"executed_lines": [], "summary": {"covered_lines": 0, "num_statements": 8, "percent_covered": 0.0, "percent_covered_display": "0", "missing_lines": 8, "excluded_lines": 0, "percent_statements_covered": 0.0, "percent_statements_covered_display": "0"}, "missing_lines": [1169, 1170, 1171, 1172, 1173, 1177, 1185, 1186], "excluded_lines": [], "start_line": 1166}, "DhanBroker.basket_order_margins": {"executed_lines": [], "summary": {"covered_lines": 0, "num_statements": 8, "percent_covered": 0.0, "percent_covered_display": "0", "missing_lines": 8, "excluded_lines": 0, "percent_statements_covered": 0.0, "percent_statements_covered_display": "0"}, "missing_lines": [1199, 1200, 1201, 1202, 1203, 1204, 1206, 1207], "excluded_lines": [], "start_line": 1194}, "DhanBroker.place_order": {"executed_lines": [], "summary": {"covered_lines": 0, "num_statements": 21, "percent_covered": 0.0, "percent_covered_display": "0", "missing_lines": 21, "excluded_lines": 0, "percent_statements_covered": 0.0, "percent_statements_covered_display": "0"}, "missing_lines": [1215, 1216, 1217, 1218, 1222, 1223, 1225, 1226, 1227, 1228, 1229, 1235, 1236, 1237, 1238, 1239, 1240, 1242, 1254, 1255, 1256], "excluded_lines": [], "start_line": 1209}, "DhanBroker.modify_order": {"executed_lines": [], "summary": {"covered_lines": 0, "num_statements": 4, "percent_covered": 0.0, "percent_covered_display": "0", "missing_lines": 4, "excluded_lines": 0, "percent_statements_covered": 0.0, "percent_statements_covered_display": "0"}, "missing_lines": [1259, 1267, 1268, 1269], "excluded_lines": [], "start_line": 1258}, "DhanBroker.cancel_order": {"executed_lines": [], "summary": {"covered_lines": 0, "num_statements": 4, "percent_covered": 0.0, "percent_covered_display": "0", "missing_lines": 4, "excluded_lines": 0, "percent_statements_covered": 0.0, "percent_statements_covered_display": "0"}, "missing_lines": [1272, 1273, 1274, 1275], "excluded_lines": [], "start_line": 1271}, "DhanBroker.place_gtt": {"executed_lines": [], "summary": {"covered_lines": 0, "num_statements": 12, "percent_covered": 0.0, "percent_covered_display": "0", "missing_lines": 12, "excluded_lines": 0, "percent_statements_covered": 0.0, "percent_statements_covered_display": "0"}, "missing_lines": [1309, 1310, 1315, 1316, 1317, 1320, 1321, 1322, 1326, 1327, 1328, 1329], "excluded_lines": [], "start_line": 1297}, "DhanBroker._modify_gtt_target_leg": {"executed_lines": [], "summary": {"covered_lines": 0, "num_statements": 4, "percent_covered": 0.0, "percent_covered_display": "0", "missing_lines": 4, "excluded_lines": 0, "percent_statements_covered": 0.0, "percent_statements_covered_display": "0"}, "missing_lines": [1338, 1341, 1342, 1343], "excluded_lines": [], "start_line": 1331}, "DhanBroker.modify_gtt": {"executed_lines": [], "summary": {"covered_lines": 0, "num_statements": 10, "percent_covered": 0.0, "percent_covered_display": "0", "missing_lines": 10, "excluded_lines": 0, "percent_statements_covered": 0.0, "percent_statements_covered_display": "0"}, "missing_lines": [1362, 1363, 1364, 1365, 1366, 1367, 1368, 1369, 1370, 1371], "excluded_lines": [], "start_line": 1345}, "DhanBroker.cancel_gtt": {"executed_lines": [], "summary": {"covered_lines": 0, "num_statements": 5, "percent_covered": 0.0, "percent_covered_display": "0", "missing_lines": 5, "excluded_lines": 0, "percent_statements_covered": 0.0, "percent_statements_covered_display": "0"}, "missing_lines": [1382, 1383, 1384, 1385, 1386], "excluded_lines": [], "start_line": 1373}, "DhanBroker.get_gtts": {"executed_lines": [], "summary": {"covered_lines": 0, "num_statements": 5, "percent_covered": 0.0, "percent_covered_display": "0", "missing_lines": 5, "excluded_lines": 0, "percent_statements_covered": 0.0, "percent_statements_covered_display": "0"}, "missing_lines": [1390, 1391, 1392, 1393, 1394], "excluded_lines": [], "start_line": 1388}, "DhanBroker.translate_qty": {"executed_lines": [], "summary": {"covered_lines": 0, "num_statements": 6, "percent_covered": 0.0, "percent_covered_display": "0", "missing_lines": 6, "excluded_lines": 0, "percent_statements_covered": 0.0, "percent_statements_covered_display": "0"}, "missing_lines": [1415, 1416, 1417, 1418, 1422, 1423], "excluded_lines": [], "start_line": 1398}, "DhanBroker.normalise_qty": {"executed_lines": [], "summary": {"covered_lines": 0, "num_statements": 1, "percent_covered": 0.0, "percent_covered_display": "0", "missing_lines": 1, "excluded_lines": 0, "percent_statements_covered": 0.0, "percent_statements_covered_display": "0"}, "missing_lines": [1427], "excluded_lines": [], "start_line": 1425}, "_unwrap": {"executed_lines": [1441, 1442, 1443, 1444, 1445], "summary": {"covered_lines": 5, "num_statements": 5, "percent_covered": 100.0, "percent_covered_display": "100", "missing_lines": 0, "excluded_lines": 0, "percent_statements_covered": 100.0, "percent_statements_covered_display": "100"}, "missing_lines": [], "excluded_lines": [], "start_line": 1438}, "_dhan_num": {"executed_lines": [1456, 1457, 1458, 1459], "summary": {"covered_lines": 4, "num_statements": 6, "percent_covered": 66.66666666666667, "percent_covered_display": "67", "missing_lines": 2, "excluded_lines": 0, "percent_statements_covered": 66.66666666666667, "percent_statements_covered_display": "67"}, "missing_lines": [1460, 1461], "excluded_lines": [], "start_line": 1454}, "_dhan_int": {"executed_lines": [1466, 1467, 1468, 1469], "summary": {"covered_lines": 4, "num_statements": 6, "percent_covered": 66.66666666666667, "percent_covered_display": "67", "missing_lines": 2, "excluded_lines": 0, "percent_statements_covered": 66.66666666666667, "percent_statements_covered_display": "67"}, "missing_lines": [1470, 1471], "excluded_lines": [], "start_line": 1464}, "_dhan_first": {"executed_lines": [1476, 1477, 1478, 1479], "summary": {"covered_lines": 4, "num_statements": 5, "percent_covered": 80.0, "percent_covered_display": "80", "missing_lines": 1, "excluded_lines": 0, "percent_statements_covered": 80.0, "percent_statements_covered_display": "80"}, "missing_lines": [1480], "excluded_lines": [], "start_line": 1474}, "_resolve_dhan_ltp_symbols": {"executed_lines": [], "summary": {"covered_lines": 0, "num_statements": 17, "percent_covered": 0.0, "percent_covered_display": "0", "missing_lines": 17, "excluded_lines": 0, "percent_statements_covered": 0.0, "percent_statements_covered_display": "0"}, "missing_lines": [1493, 1494, 1495, 1496, 1497, 1498, 1499, 1500, 1501, 1502, 1503, 1504, 1505, 1506, 1507, 1508, 1509], "excluded_lines": [], "start_line": 1483}, "_dhan_ohlc_last_price": {"executed_lines": [], "summary": {"covered_lines": 0, "num_statements": 3, "percent_covered": 0.0, "percent_covered_display": "0", "missing_lines": 3, "excluded_lines": 0, "percent_statements_covered": 0.0, "percent_statements_covered_display": "0"}, "missing_lines": [1514, 1515, 1516], "excluded_lines": [], "start_line": 1512}, "_parse_dhan_ohlc_response": {"executed_lines": [], "summary": {"covered_lines": 0, "num_statements": 16, "percent_covered": 0.0, "percent_covered_display": "0", "missing_lines": 16, "excluded_lines": 0, "percent_statements_covered": 0.0, "percent_statements_covered_display": "0"}, "missing_lines": [1533, 1534, 1535, 1539, 1540, 1541, 1542, 1543, 1544, 1545, 1546, 1547, 1548, 1549, 1550, 1551], "excluded_lines": [], "start_line": 1523}, "_dhan_gtt_trigger_type": {"executed_lines": [], "summary": {"covered_lines": 0, "num_statements": 2, "percent_covered": 0.0, "percent_covered_display": "0", "missing_lines": 2, "excluded_lines": 0, "percent_statements_covered": 0.0, "percent_statements_covered_display": "0"}, "missing_lines": [1556, 1557], "excluded_lines": [], "start_line": 1554}, "_dhan_gtt_trigger_values": {"executed_lines": [], "summary": {"covered_lines": 0, "num_statements": 5, "percent_covered": 0.0, "percent_covered_display": "0", "missing_lines": 5, "excluded_lines": 0, "percent_statements_covered": 0.0, "percent_statements_covered_display": "0"}, "missing_lines": [1562, 1563, 1564, 1565, 1566], "excluded_lines": [], "start_line": 1560}, "_dhan_gtt_order_leg": {"executed_lines": [], "summary": {"covered_lines": 0, "num_statements": 1, "percent_covered": 0.0, "percent_covered_display": "0", "missing_lines": 1, "excluded_lines": 0, "percent_statements_covered": 0.0, "percent_statements_covered_display": "0"}, "missing_lines": [1571], "excluded_lines": [], "start_line": 1569}, "_normalise_dhan_gtt_row": {"executed_lines": [], "summary": {"covered_lines": 0, "num_statements": 3, "percent_covered": 0.0, "percent_covered_display": "0", "missing_lines": 3, "excluded_lines": 0, "percent_statements_covered": 0.0, "percent_statements_covered_display": "0"}, "missing_lines": [1582, 1583, 1584], "excluded_lines": [], "start_line": 1580}, "_dhan_holding_exchange": {"executed_lines": [1600, 1601, 1602], "summary": {"covered_lines": 3, "num_statements": 3, "percent_covered": 100.0, "percent_covered_display": "100", "missing_lines": 0, "excluded_lines": 0, "percent_statements_covered": 100.0, "percent_statements_covered_display": "100"}, "missing_lines": [], "excluded_lines": [], "start_line": 1598}, "_dhan_holding_pnl": {"executed_lines": [1612, 1613, 1614, 1615], "summary": {"covered_lines": 4, "num_statements": 4, "percent_covered": 100.0, "percent_covered_display": "100", "missing_lines": 0, "excluded_lines": 0, "percent_statements_covered": 100.0, "percent_statements_covered_display": "100"}, "missing_lines": [], "excluded_lines": [], "start_line": 1610}, "_dhan_holding_day_change_pct": {"executed_lines": [1620, 1621, 1622, 1623], "summary": {"covered_lines": 4, "num_statements": 4, "percent_covered": 100.0, "percent_covered_display": "100", "missing_lines": 0, "excluded_lines": 0, "percent_statements_covered": 100.0, "percent_statements_covered_display": "100"}, "missing_lines": [], "excluded_lines": [], "start_line": 1618}, "_dhan_normalise_one_holding": {"executed_lines": [1628, 1629, 1630, 1631, 1632, 1633, 1634, 1635, 1636], "summary": {"covered_lines": 9, "num_statements": 9, "percent_covered": 100.0, "percent_covered_display": "100", "missing_lines": 0, "excluded_lines": 0, "percent_statements_covered": 100.0, "percent_statements_covered_display": "100"}, "missing_lines": [], "excluded_lines": [], "start_line": 1626}, "_normalise_holdings": {"executed_lines": [1665], "summary": {"covered_lines": 1, "num_statements": 1, "percent_covered": 100.0, "percent_covered_display": "100", "missing_lines": 0, "excluded_lines": 0, "percent_statements_covered": 100.0, "percent_statements_covered_display": "100"}, "missing_lines": [], "excluded_lines": [], "start_line": 1655}, "_normalise_positions": {"executed_lines": [], "summary": {"covered_lines": 0, "num_statements": 4, "percent_covered": 0.0, "percent_covered_display": "0", "missing_lines": 4, "excluded_lines": 0, "percent_statements_covered": 0.0, "percent_statements_covered_display": "0"}, "missing_lines": [1672, 1673, 1674, 1675], "excluded_lines": [], "start_line": 1668}, "_normalise_position_row": {"executed_lines": [], "summary": {"covered_lines": 0, "num_statements": 10, "percent_covered": 0.0, "percent_covered_display": "0", "missing_lines": 10, "excluded_lines": 0, "percent_statements_covered": 0.0, "percent_statements_covered_display": "0"}, "missing_lines": [1684, 1685, 1686, 1687, 1695, 1696, 1698, 1701, 1704, 1706], "excluded_lines": [], "start_line": 1678}, "_normalise_position_quantities": {"executed_lines": [], "summary": {"covered_lines": 0, "num_statements": 6, "percent_covered": 0.0, "percent_covered_display": "0", "missing_lines": 6, "excluded_lines": 0, "percent_statements_covered": 0.0, "percent_statements_covered_display": "0"}, "missing_lines": [1780, 1781, 1782, 1783, 1784, 1785], "excluded_lines": [], "start_line": 1762}, "_dhan_position_avg": {"executed_lines": [], "summary": {"covered_lines": 0, "num_statements": 4, "percent_covered": 0.0, "percent_covered_display": "0", "missing_lines": 4, "excluded_lines": 0, "percent_statements_covered": 0.0, "percent_statements_covered_display": "0"}, "missing_lines": [1794, 1795, 1796, 1797], "excluded_lines": [], "start_line": 1788}, "_normalise_position_prices_and_pnl": {"executed_lines": [], "summary": {"covered_lines": 0, "num_statements": 7, "percent_covered": 0.0, "percent_covered_display": "0", "missing_lines": 7, "excluded_lines": 0, "percent_statements_covered": 0.0, "percent_statements_covered_display": "0"}, "missing_lines": [1810, 1811, 1812, 1817, 1818, 1819, 1820], "excluded_lines": [], "start_line": 1800}, "_normalise_position_exchange": {"executed_lines": [], "summary": {"covered_lines": 0, "num_statements": 3, "percent_covered": 0.0, "percent_covered_display": "0", "missing_lines": 3, "excluded_lines": 0, "percent_statements_covered": 0.0, "percent_statements_covered_display": "0"}, "missing_lines": [1830, 1831, 1832], "excluded_lines": [], "start_line": 1823}, "_dhan_margins_available": {"executed_lines": [], "summary": {"covered_lines": 0, "num_statements": 2, "percent_covered": 0.0, "percent_covered_display": "0", "missing_lines": 2, "excluded_lines": 0, "percent_statements_covered": 0.0, "percent_statements_covered_display": "0"}, "missing_lines": [1849, 1850], "excluded_lines": [], "start_line": 1847}, "_dhan_margins_utilised": {"executed_lines": [], "summary": {"covered_lines": 0, "num_statements": 2, "percent_covered": 0.0, "percent_covered_display": "0", "missing_lines": 2, "excluded_lines": 0, "percent_statements_covered": 0.0, "percent_statements_covered_display": "0"}, "missing_lines": [1862, 1863], "excluded_lines": [], "start_line": 1860}, "_normalise_margins": {"executed_lines": [], "summary": {"covered_lines": 0, "num_statements": 8, "percent_covered": 0.0, "percent_covered_display": "0", "missing_lines": 8, "excluded_lines": 0, "percent_statements_covered": 0.0, "percent_statements_covered_display": "0"}, "missing_lines": [1885, 1886, 1887, 1890, 1893, 1901, 1907, 1915], "excluded_lines": [], "start_line": 1878}, "_dhan_normalise_one_order": {"executed_lines": [], "summary": {"covered_lines": 0, "num_statements": 2, "percent_covered": 0.0, "percent_covered_display": "0", "missing_lines": 2, "excluded_lines": 0, "percent_statements_covered": 0.0, "percent_statements_covered_display": "0"}, "missing_lines": [1953, 1954], "excluded_lines": [], "start_line": 1951}, "_normalise_orders": {"executed_lines": [], "summary": {"covered_lines": 0, "num_statements": 1, "percent_covered": 0.0, "percent_covered_display": "0", "missing_lines": 1, "excluded_lines": 0, "percent_statements_covered": 0.0, "percent_statements_covered_display": "0"}, "missing_lines": [1976], "excluded_lines": [], "start_line": 1975}, "_normalise_trades": {"executed_lines": [], "summary": {"covered_lines": 0, "num_statements": 5, "percent_covered": 0.0, "percent_covered_display": "0", "missing_lines": 5, "excluded_lines": 0, "percent_statements_covered": 0.0, "percent_statements_covered_display": "0"}, "missing_lines": [1980, 1981, 1982, 1983, 1994], "excluded_lines": [], "start_line": 1979}, "_parse_dhan_date": {"executed_lines": [], "summary": {"covered_lines": 0, "num_statements": 14, "percent_covered": 0.0, "percent_covered_display": "0", "missing_lines": 14, "excluded_lines": 0, "percent_statements_covered": 0.0, "percent_statements_covered_display": "0"}, "missing_lines": [2002, 2003, 2004, 2005, 2007, 2008, 2009, 2010, 2011, 2012, 2014, 2015, 2016, 2017], "excluded_lines": [], "start_line": 1997}, "_dhan_exchange_to_segment": {"executed_lines": [], "summary": {"covered_lines": 0, "num_statements": 1, "percent_covered": 0.0, "percent_covered_display": "0", "missing_lines": 1, "excluded_lines": 0, "percent_statements_covered": 0.0, "percent_statements_covered_display": "0"}, "missing_lines": [2036], "excluded_lines": [], "start_line": 2035}, "": {"executed_lines": [36, 38, 39, 40, 41, 43, 44, 48, 49, 51, 54, 62, 72, 73, 81, 127, 139, 154, 169, 178, 181, 202, 215, 216, 217, 218, 219, 222, 229, 257, 260, 263, 265, 268, 277, 308, 324, 342, 361, 371, 386, 415, 469, 478, 506, 528, 546, 548, 549, 552, 562, 629, 639, 646, 654, 662, 665, 688, 696, 716, 735, 746, 760, 772, 818, 822, 828, 829, 832, 833, 836, 837, 843, 911, 928, 932, 936, 955, 959, 996, 1000, 1027, 1066, 1076, 1092, 1106, 1111, 1143, 1166, 1194, 1209, 1258, 1271, 1297, 1331, 1345, 1373, 1388, 1398, 1425, 1438, 1454, 1464, 1474, 1483, 1512, 1523, 1554, 1560, 1569, 1580, 1598, 1610, 1618, 1626, 1655, 1668, 1678, 1762, 1788, 1800, 1823, 1844, 1847, 1860, 1878, 1925, 1948, 1951, 1975, 1979, 1997, 2024, 2035], "summary": {"covered_lines": 134, "num_statements": 134, "percent_covered": 100.0, "percent_covered_display": "100", "missing_lines": 0, "excluded_lines": 0, "percent_statements_covered": 100.0, "percent_statements_covered_display": "100"}, "missing_lines": [], "excluded_lines": [], "start_line": 1}}, "classes": {"DhanBroker": {"executed_lines": [830, 841, 857, 859, 861, 862, 864, 874, 875, 876, 877, 880, 891, 892, 893, 901, 902, 903, 907], "summary": {"covered_lines": 19, "num_statements": 208, "percent_covered": 9.134615384615385, "percent_covered_display": "9", "missing_lines": 189, "excluded_lines": 0, "percent_statements_covered": 9.134615384615385, "percent_statements_covered_display": "9"}, "missing_lines": [823, 824, 834, 858, 878, 879, 916, 917, 918, 919, 925, 926, 929, 930, 933, 934, 937, 943, 944, 945, 946, 947, 951, 952, 953, 956, 957, 974, 978, 980, 984, 985, 986, 987, 988, 989, 993, 994, 997, 998, 1006, 1007, 1008, 1012, 1013, 1014, 1017, 1018, 1019, 1020, 1021, 1022, 1023, 1037, 1038, 1044, 1045, 1046, 1050, 1054, 1055, 1056, 1057, 1059, 1060, 1061, 1062, 1063, 1064, 1074, 1083, 1084, 1085, 1087, 1088, 1089, 1090, 1104, 1109, 1127, 1128, 1129, 1130, 1131, 1132, 1133, 1134, 1136, 1137, 1138, 1139, 1141, 1148, 1149, 1154, 1155, 1156, 1157, 1160, 1161, 1162, 1169, 1170, 1171, 1172, 1173, 1177, 1185, 1186, 1199, 1200, 1201, 1202, 1203, 1204, 1206, 1207, 1215, 1216, 1217, 1218, 1222, 1223, 1225, 1226, 1227, 1228, 1229, 1235, 1236, 1237, 1238, 1239, 1240, 1242, 1254, 1255, 1256, 1259, 1267, 1268, 1269, 1272, 1273, 1274, 1275, 1309, 1310, 1315, 1316, 1317, 1320, 1321, 1322, 1326, 1327, 1328, 1329, 1338, 1341, 1342, 1343, 1362, 1363, 1364, 1365, 1366, 1367, 1368, 1369, 1370, 1371, 1382, 1383, 1384, 1385, 1386, 1390, 1391, 1392, 1393, 1394, 1415, 1416, 1417, 1418, 1422, 1423, 1427], "excluded_lines": [], "start_line": 818}, "": {"executed_lines": [36, 38, 39, 40, 41, 43, 44, 48, 49, 51, 54, 62, 72, 73, 81, 127, 139, 154, 169, 178, 181, 202, 215, 216, 217, 218, 219, 222, 224, 225, 226, 229, 257, 260, 263, 265, 268, 270, 271, 272, 277, 286, 287, 289, 290, 291, 292, 293, 294, 295, 296, 297, 298, 299, 300, 301, 302, 305, 308, 314, 315, 316, 317, 321, 324, 331, 332, 333, 334, 339, 342, 350, 351, 352, 353, 354, 355, 361, 363, 364, 365, 371, 380, 381, 386, 394, 395, 396, 397, 398, 399, 400, 402, 411, 412, 415, 435, 436, 437, 438, 439, 440, 441, 444, 445, 447, 448, 452, 453, 454, 456, 457, 458, 459, 460, 461, 469, 478, 506, 528, 530, 531, 532, 533, 534, 535, 536, 546, 548, 549, 552, 562, 629, 639, 646, 654, 662, 665, 688, 696, 716, 735, 746, 760, 772, 818, 822, 828, 829, 832, 833, 836, 837, 843, 911, 928, 932, 936, 955, 959, 996, 1000, 1027, 1066, 1076, 1092, 1106, 1111, 1143, 1166, 1194, 1209, 1258, 1271, 1297, 1331, 1345, 1373, 1388, 1398, 1425, 1438, 1441, 1442, 1443, 1444, 1445, 1454, 1456, 1457, 1458, 1459, 1464, 1466, 1467, 1468, 1469, 1474, 1476, 1477, 1478, 1479, 1483, 1512, 1523, 1554, 1560, 1569, 1580, 1598, 1600, 1601, 1602, 1610, 1612, 1613, 1614, 1615, 1618, 1620, 1621, 1622, 1623, 1626, 1628, 1629, 1630, 1631, 1632, 1633, 1634, 1635, 1636, 1655, 1665, 1668, 1678, 1762, 1788, 1800, 1823, 1844, 1847, 1860, 1878, 1925, 1948, 1951, 1975, 1979, 1997, 2024, 2035], "summary": {"covered_lines": 253, "num_statements": 511, "percent_covered": 49.510763209393346, "percent_covered_display": "50", "missing_lines": 258, "excluded_lines": 0, "percent_statements_covered": 49.510763209393346, "percent_statements_covered_display": "50"}, "missing_lines": [65, 66, 90, 92, 93, 94, 95, 188, 189, 190, 191, 192, 193, 194, 195, 196, 197, 198, 199, 205, 206, 207, 208, 209, 210, 211, 212, 213, 273, 274, 288, 303, 304, 318, 320, 337, 338, 356, 357, 358, 366, 367, 368, 382, 383, 401, 442, 443, 446, 455, 464, 465, 466, 471, 472, 473, 474, 475, 485, 486, 557, 558, 559, 589, 590, 591, 592, 593, 594, 595, 596, 597, 598, 601, 602, 603, 604, 605, 606, 609, 618, 656, 657, 658, 659, 674, 690, 691, 692, 693, 702, 707, 711, 712, 713, 727, 728, 729, 730, 731, 732, 737, 738, 748, 765, 766, 767, 768, 769, 774, 775, 776, 780, 781, 782, 783, 784, 785, 786, 787, 788, 789, 790, 791, 792, 793, 794, 795, 796, 797, 799, 800, 801, 802, 803, 814, 815, 1460, 1461, 1470, 1471, 1480, 1493, 1494, 1495, 1496, 1497, 1498, 1499, 1500, 1501, 1502, 1503, 1504, 1505, 1506, 1507, 1508, 1509, 1514, 1515, 1516, 1533, 1534, 1535, 1539, 1540, 1541, 1542, 1543, 1544, 1545, 1546, 1547, 1548, 1549, 1550, 1551, 1556, 1557, 1562, 1563, 1564, 1565, 1566, 1571, 1582, 1583, 1584, 1672, 1673, 1674, 1675, 1684, 1685, 1686, 1687, 1695, 1696, 1698, 1701, 1704, 1706, 1780, 1781, 1782, 1783, 1784, 1785, 1794, 1795, 1796, 1797, 1810, 1811, 1812, 1817, 1818, 1819, 1820, 1830, 1831, 1832, 1849, 1850, 1862, 1863, 1885, 1886, 1887, 1890, 1893, 1901, 1907, 1915, 1953, 1954, 1976, 1980, 1981, 1982, 1983, 1994, 2002, 2003, 2004, 2005, 2007, 2008, 2009, 2010, 2011, 2012, 2014, 2015, 2016, 2017, 2036], "excluded_lines": [], "start_line": 1}}}, "backend/brokers/adapters/groww.py": {"executed_lines": [32, 34, 35, 36, 37, 38, 40, 41, 44, 46, 49, 84, 85, 86, 88, 89, 98, 99, 102, 105, 106, 115, 122, 123, 124, 127, 128, 129, 131, 132, 135, 136, 141, 142, 145, 146, 147, 148, 154, 155, 156, 157, 158, 159, 160, 161, 167, 168, 172, 173, 176, 179, 181, 195, 196, 199, 201, 202, 205, 207, 208, 217, 229, 241, 253, 262, 265, 274, 284, 301, 321, 335, 358, 360, 361, 362, 364, 367, 374, 389, 406, 417, 429, 446, 469, 483, 491, 495, 501, 502, 503, 505, 506, 509, 510, 513, 517, 518, 534, 535, 539, 540, 544, 545, 564, 565, 569, 570, 594, 606, 607, 609, 610, 615, 617, 618, 622, 626, 631, 633, 634, 635, 637, 638, 639, 642, 643, 644, 645, 646, 648, 649, 664, 698, 702, 703, 711, 713, 714, 718, 722, 727, 728, 729, 731, 732, 733, 736, 737, 738, 739, 742, 744, 745, 758, 759, 822, 827, 828, 853, 869, 870, 906, 907, 942, 955, 956, 981, 982, 1020, 1021, 1079, 1135, 1136, 1148, 1149, 1218, 1219, 1293, 1294, 1319, 1330, 1338, 1354, 1367, 1376, 1390, 1398, 1406, 1414, 1466, 1474, 1482, 1540, 1543, 1570, 1591, 1597, 1603, 1614, 1632], "summary": {"covered_lines": 201, "num_statements": 644, "percent_covered": 31.211180124223603, "percent_covered_display": "31", "missing_lines": 443, "excluded_lines": 0, "percent_statements_covered": 31.211180124223603, "percent_statements_covered_display": "31"}, "missing_lines": [51, 52, 53, 54, 55, 56, 57, 107, 108, 109, 110, 111, 112, 162, 163, 164, 174, 175, 180, 267, 268, 269, 270, 271, 276, 277, 278, 279, 280, 281, 290, 291, 292, 293, 294, 295, 296, 298, 304, 305, 306, 307, 308, 309, 310, 311, 312, 363, 369, 370, 371, 377, 378, 379, 391, 408, 419, 431, 448, 473, 474, 475, 476, 477, 478, 479, 480, 485, 486, 487, 488, 496, 497, 507, 519, 520, 521, 522, 523, 524, 531, 532, 536, 537, 541, 542, 546, 552, 553, 554, 555, 556, 560, 561, 562, 566, 567, 580, 581, 584, 585, 586, 587, 588, 589, 590, 591, 592, 599, 602, 611, 612, 613, 614, 616, 623, 624, 632, 636, 640, 641, 658, 659, 660, 661, 662, 666, 667, 668, 669, 670, 671, 672, 674, 675, 676, 677, 680, 681, 684, 685, 686, 687, 688, 689, 693, 694, 695, 696, 704, 705, 706, 707, 708, 709, 710, 712, 719, 720, 730, 734, 735, 749, 750, 752, 782, 790, 794, 795, 796, 797, 798, 799, 803, 811, 814, 815, 816, 817, 818, 819, 825, 838, 839, 840, 841, 842, 843, 844, 845, 847, 848, 849, 850, 851, 855, 856, 859, 860, 861, 862, 863, 864, 865, 873, 874, 875, 876, 877, 878, 889, 890, 891, 892, 900, 901, 903, 904, 913, 914, 915, 916, 920, 921, 935, 936, 938, 939, 940, 947, 948, 949, 950, 951, 952, 953, 960, 961, 962, 963, 964, 968, 969, 979, 985, 986, 987, 988, 989, 993, 994, 995, 1045, 1046, 1054, 1055, 1057, 1058, 1059, 1071, 1072, 1073, 1074, 1075, 1076, 1077, 1096, 1097, 1101, 1110, 1111, 1120, 1123, 1124, 1125, 1126, 1130, 1133, 1138, 1139, 1140, 1141, 1142, 1143, 1144, 1145, 1146, 1167, 1168, 1169, 1170, 1171, 1174, 1183, 1192, 1193, 1196, 1200, 1201, 1203, 1204, 1205, 1214, 1215, 1216, 1233, 1234, 1235, 1236, 1237, 1238, 1239, 1240, 1241, 1244, 1245, 1246, 1247, 1250, 1251, 1254, 1266, 1267, 1276, 1277, 1278, 1283, 1284, 1285, 1286, 1287, 1291, 1297, 1298, 1299, 1300, 1306, 1307, 1308, 1309, 1310, 1312, 1313, 1314, 1315, 1328, 1332, 1344, 1345, 1346, 1347, 1348, 1349, 1350, 1351, 1356, 1357, 1358, 1359, 1360, 1361, 1362, 1363, 1364, 1371, 1372, 1373, 1380, 1381, 1382, 1383, 1384, 1385, 1386, 1387, 1392, 1393, 1394, 1395, 1400, 1401, 1402, 1403, 1408, 1409, 1410, 1411, 1415, 1416, 1417, 1418, 1419, 1420, 1421, 1422, 1423, 1431, 1443, 1444, 1445, 1446, 1463, 1468, 1469, 1470, 1471, 1476, 1477, 1478, 1479, 1483, 1484, 1485, 1486, 1487, 1488, 1533, 1534, 1544, 1545, 1546, 1547, 1548, 1549, 1551, 1552, 1553, 1593, 1594, 1598, 1599, 1600, 1606, 1607, 1608, 1609, 1610, 1611, 1616, 1617, 1618, 1634, 1635], "excluded_lines": [], "functions": {"_groww_exc": {"executed_lines": [], "summary": {"covered_lines": 0, "num_statements": 7, "percent_covered": 0.0, "percent_covered_display": "0", "missing_lines": 7, "excluded_lines": 0, "percent_statements_covered": 0.0, "percent_statements_covered_display": "0"}, "missing_lines": [51, 52, 53, 54, 55, 56, 57], "excluded_lines": [], "start_line": 49}, "_retry_groww_auth": {"executed_lines": [122, 123, 181], "summary": {"covered_lines": 3, "num_statements": 3, "percent_covered": 100.0, "percent_covered_display": "100", "missing_lines": 0, "excluded_lines": 0, "percent_statements_covered": 100.0, "percent_statements_covered_display": "100"}, "missing_lines": [], "excluded_lines": [], "start_line": 115}, "_retry_groww_auth.wrapper": {"executed_lines": [124, 127, 128, 129, 131, 132, 135, 136, 141, 142, 145, 146, 147, 148, 154, 155, 156, 157, 158, 159, 160, 161, 167, 168, 172, 173, 176, 179], "summary": {"covered_lines": 28, "num_statements": 34, "percent_covered": 82.3529411764706, "percent_covered_display": "82", "missing_lines": 6, "excluded_lines": 0, "percent_statements_covered": 82.3529411764706, "percent_statements_covered_display": "82"}, "missing_lines": [162, 163, 164, 174, 175, 180], "excluded_lines": [], "start_line": 123}, "record_entitlement_denied": {"executed_lines": [201, 202], "summary": {"covered_lines": 2, "num_statements": 2, "percent_covered": 100.0, "percent_covered_display": "100", "missing_lines": 0, "excluded_lines": 0, "percent_statements_covered": 100.0, "percent_statements_covered_display": "100"}, "missing_lines": [], "excluded_lines": [], "start_line": 199}, "get_entitlement_denied_snapshot": {"executed_lines": [207, 208], "summary": {"covered_lines": 2, "num_statements": 2, "percent_covered": 100.0, "percent_covered_display": "100", "missing_lines": 0, "excluded_lines": 0, "percent_statements_covered": 100.0, "percent_statements_covered_display": "100"}, "missing_lines": [], "excluded_lines": [], "start_line": 205}, "_first": {"executed_lines": [], "summary": {"covered_lines": 0, "num_statements": 5, "percent_covered": 0.0, "percent_covered_display": "0", "missing_lines": 5, "excluded_lines": 0, "percent_statements_covered": 0.0, "percent_statements_covered_display": "0"}, "missing_lines": [267, 268, 269, 270, 271], "excluded_lines": [], "start_line": 265}, "_groww_status_row_for_code": {"executed_lines": [], "summary": {"covered_lines": 0, "num_statements": 6, "percent_covered": 0.0, "percent_covered_display": "0", "missing_lines": 6, "excluded_lines": 0, "percent_statements_covered": 0.0, "percent_statements_covered_display": "0"}, "missing_lines": [276, 277, 278, 279, 280, 281], "excluded_lines": [], "start_line": 274}, "_extract_groww_status_rows": {"executed_lines": [], "summary": {"covered_lines": 0, "num_statements": 8, "percent_covered": 0.0, "percent_covered_display": "0", "missing_lines": 8, "excluded_lines": 0, "percent_statements_covered": 0.0, "percent_statements_covered_display": "0"}, "missing_lines": [290, 291, 292, 293, 294, 295, 296, 298], "excluded_lines": [], "start_line": 284}, "_groww_row_indicates_open": {"executed_lines": [], "summary": {"covered_lines": 0, "num_statements": 9, "percent_covered": 0.0, "percent_covered_display": "0", "missing_lines": 9, "excluded_lines": 0, "percent_statements_covered": 0.0, "percent_statements_covered_display": "0"}, "missing_lines": [304, 305, 306, 307, 308, 309, 310, 311, 312], "excluded_lines": [], "start_line": 301}, "_groww_exchange_and_segment": {"executed_lines": [360, 361, 362, 364], "summary": {"covered_lines": 4, "num_statements": 5, "percent_covered": 80.0, "percent_covered_display": "80", "missing_lines": 1, "excluded_lines": 0, "percent_statements_covered": 80.0, "percent_statements_covered_display": "80"}, "missing_lines": [363], "excluded_lines": [], "start_line": 358}, "_groww_coerce_date": {"executed_lines": [], "summary": {"covered_lines": 0, "num_statements": 3, "percent_covered": 0.0, "percent_covered_display": "0", "missing_lines": 3, "excluded_lines": 0, "percent_statements_covered": 0.0, "percent_statements_covered_display": "0"}, "missing_lines": [369, 370, 371], "excluded_lines": [], "start_line": 367}, "_groww_hist_candle_row": {"executed_lines": [], "summary": {"covered_lines": 0, "num_statements": 3, "percent_covered": 0.0, "percent_covered_display": "0", "missing_lines": 3, "excluded_lines": 0, "percent_statements_covered": 0.0, "percent_statements_covered_display": "0"}, "missing_lines": [377, 378, 379], "excluded_lines": [], "start_line": 374}, "_groww_instrument_row": {"executed_lines": [], "summary": {"covered_lines": 0, "num_statements": 1, "percent_covered": 0.0, "percent_covered_display": "0", "missing_lines": 1, "excluded_lines": 0, "percent_statements_covered": 0.0, "percent_statements_covered_display": "0"}, "missing_lines": [391], "excluded_lines": [], "start_line": 389}, "_groww_build_gtt_order_leg": {"executed_lines": [], "summary": {"covered_lines": 0, "num_statements": 1, "percent_covered": 0.0, "percent_covered_display": "0", "missing_lines": 1, "excluded_lines": 0, "percent_statements_covered": 0.0, "percent_statements_covered_display": "0"}, "missing_lines": [408], "excluded_lines": [], "start_line": 406}, "_groww_margin_available": {"executed_lines": [], "summary": {"covered_lines": 0, "num_statements": 1, "percent_covered": 0.0, "percent_covered_display": "0", "missing_lines": 1, "excluded_lines": 0, "percent_statements_covered": 0.0, "percent_statements_covered_display": "0"}, "missing_lines": [419], "excluded_lines": [], "start_line": 417}, "_groww_margin_utilised": {"executed_lines": [], "summary": {"covered_lines": 0, "num_statements": 1, "percent_covered": 0.0, "percent_covered_display": "0", "missing_lines": 1, "excluded_lines": 0, "percent_statements_covered": 0.0, "percent_statements_covered_display": "0"}, "missing_lines": [431], "excluded_lines": [], "start_line": 429}, "_groww_order_row": {"executed_lines": [], "summary": {"covered_lines": 0, "num_statements": 1, "percent_covered": 0.0, "percent_covered_display": "0", "missing_lines": 1, "excluded_lines": 0, "percent_statements_covered": 0.0, "percent_statements_covered_display": "0"}, "missing_lines": [448], "excluded_lines": [], "start_line": 446}, "_groww_gtt_unpack_order": {"executed_lines": [], "summary": {"covered_lines": 0, "num_statements": 8, "percent_covered": 0.0, "percent_covered_display": "0", "missing_lines": 8, "excluded_lines": 0, "percent_statements_covered": 0.0, "percent_statements_covered_display": "0"}, "missing_lines": [473, 474, 475, 476, 477, 478, 479, 480], "excluded_lines": [], "start_line": 469}, "_groww_gtt_order_body": {"executed_lines": [], "summary": {"covered_lines": 0, "num_statements": 4, "percent_covered": 0.0, "percent_covered_display": "0", "missing_lines": 4, "excluded_lines": 0, "percent_statements_covered": 0.0, "percent_statements_covered_display": "0"}, "missing_lines": [485, 486, 487, 488], "excluded_lines": [], "start_line": 483}, "GrowwBroker.__init__": {"executed_lines": [], "summary": {"covered_lines": 0, "num_statements": 2, "percent_covered": 0.0, "percent_covered_display": "0", "missing_lines": 2, "excluded_lines": 0, "percent_statements_covered": 0.0, "percent_statements_covered_display": "0"}, "missing_lines": [496, 497], "excluded_lines": [], "start_line": 495}, "GrowwBroker.account": {"executed_lines": [503], "summary": {"covered_lines": 1, "num_statements": 1, "percent_covered": 100.0, "percent_covered_display": "100", "missing_lines": 0, "excluded_lines": 0, "percent_statements_covered": 100.0, "percent_statements_covered_display": "100"}, "missing_lines": [], "excluded_lines": [], "start_line": 502}, "GrowwBroker.broker_id": {"executed_lines": [], "summary": {"covered_lines": 0, "num_statements": 1, "percent_covered": 0.0, "percent_covered_display": "0", "missing_lines": 1, "excluded_lines": 0, "percent_statements_covered": 0.0, "percent_statements_covered_display": "0"}, "missing_lines": [507], "excluded_lines": [], "start_line": 506}, "GrowwBroker.groww": {"executed_lines": [513], "summary": {"covered_lines": 1, "num_statements": 1, "percent_covered": 100.0, "percent_covered_display": "100", "missing_lines": 0, "excluded_lines": 0, "percent_statements_covered": 100.0, "percent_statements_covered_display": "100"}, "missing_lines": [], "excluded_lines": [], "start_line": 510}, "GrowwBroker.profile": {"executed_lines": [], "summary": {"covered_lines": 0, "num_statements": 8, "percent_covered": 0.0, "percent_covered_display": "0", "missing_lines": 8, "excluded_lines": 0, "percent_statements_covered": 0.0, "percent_statements_covered_display": "0"}, "missing_lines": [519, 520, 521, 522, 523, 524, 531, 532], "excluded_lines": [], "start_line": 518}, "GrowwBroker.holdings": {"executed_lines": [], "summary": {"covered_lines": 0, "num_statements": 2, "percent_covered": 0.0, "percent_covered_display": "0", "missing_lines": 2, "excluded_lines": 0, "percent_statements_covered": 0.0, "percent_statements_covered_display": "0"}, "missing_lines": [536, 537], "excluded_lines": [], "start_line": 535}, "GrowwBroker.positions": {"executed_lines": [], "summary": {"covered_lines": 0, "num_statements": 2, "percent_covered": 0.0, "percent_covered_display": "0", "missing_lines": 2, "excluded_lines": 0, "percent_statements_covered": 0.0, "percent_statements_covered_display": "0"}, "missing_lines": [541, 542], "excluded_lines": [], "start_line": 540}, "GrowwBroker.margins": {"executed_lines": [], "summary": {"covered_lines": 0, "num_statements": 9, "percent_covered": 0.0, "percent_covered_display": "0", "missing_lines": 9, "excluded_lines": 0, "percent_statements_covered": 0.0, "percent_statements_covered_display": "0"}, "missing_lines": [546, 552, 553, 554, 555, 556, 560, 561, 562], "excluded_lines": [], "start_line": 545}, "GrowwBroker.orders": {"executed_lines": [], "summary": {"covered_lines": 0, "num_statements": 2, "percent_covered": 0.0, "percent_covered_display": "0", "missing_lines": 2, "excluded_lines": 0, "percent_statements_covered": 0.0, "percent_statements_covered_display": "0"}, "missing_lines": [566, 567], "excluded_lines": [], "start_line": 565}, "GrowwBroker.order_status": {"executed_lines": [], "summary": {"covered_lines": 0, "num_statements": 11, "percent_covered": 0.0, "percent_covered_display": "0", "missing_lines": 11, "excluded_lines": 0, "percent_statements_covered": 0.0, "percent_statements_covered_display": "0"}, "missing_lines": [580, 581, 584, 585, 586, 587, 588, 589, 590, 591, 592], "excluded_lines": [], "start_line": 570}, "GrowwBroker.trades": {"executed_lines": [], "summary": {"covered_lines": 0, "num_statements": 2, "percent_covered": 0.0, "percent_covered_display": "0", "missing_lines": 2, "excluded_lines": 0, "percent_statements_covered": 0.0, "percent_statements_covered_display": "0"}, "missing_lines": [599, 602], "excluded_lines": [], "start_line": 594}, "GrowwBroker._ltp_fetch_segment": {"executed_lines": [609, 610, 615, 617, 618, 622], "summary": {"covered_lines": 6, "num_statements": 13, "percent_covered": 46.15384615384615, "percent_covered_display": "46", "missing_lines": 7, "excluded_lines": 0, "percent_statements_covered": 46.15384615384615, "percent_statements_covered_display": "46"}, "missing_lines": [611, 612, 613, 614, 616, 623, 624], "excluded_lines": [], "start_line": 607}, "GrowwBroker.ltp": {"executed_lines": [631, 633, 634, 635, 637, 638, 639, 642, 643, 644, 645, 646], "summary": {"covered_lines": 12, "num_statements": 16, "percent_covered": 75.0, "percent_covered_display": "75", "missing_lines": 4, "excluded_lines": 0, "percent_statements_covered": 75.0, "percent_statements_covered_display": "75"}, "missing_lines": [632, 636, 640, 641], "excluded_lines": [], "start_line": 626}, "GrowwBroker.quote": {"executed_lines": [], "summary": {"covered_lines": 0, "num_statements": 5, "percent_covered": 0.0, "percent_covered_display": "0", "missing_lines": 5, "excluded_lines": 0, "percent_statements_covered": 0.0, "percent_statements_covered_display": "0"}, "missing_lines": [658, 659, 660, 661, 662], "excluded_lines": [], "start_line": 649}, "GrowwBroker._quote_single": {"executed_lines": [], "summary": {"covered_lines": 0, "num_statements": 23, "percent_covered": 0.0, "percent_covered_display": "0", "missing_lines": 23, "excluded_lines": 0, "percent_statements_covered": 0.0, "percent_statements_covered_display": "0"}, "missing_lines": [666, 667, 668, 669, 670, 671, 672, 674, 675, 676, 677, 680, 681, 684, 685, 686, 687, 688, 689, 693, 694, 695, 696], "excluded_lines": [], "start_line": 664}, "GrowwBroker._ohlc_fetch_segment": {"executed_lines": [702, 703, 711, 713, 714, 718], "summary": {"covered_lines": 6, "num_statements": 16, "percent_covered": 37.5, "percent_covered_display": "38", "missing_lines": 10, "excluded_lines": 0, "percent_statements_covered": 37.5, "percent_statements_covered_display": "38"}, "missing_lines": [704, 705, 706, 707, 708, 709, 710, 712, 719, 720], "excluded_lines": [], "start_line": 698}, "GrowwBroker._quote_batch_ohlc": {"executed_lines": [727, 728, 729, 731, 732, 733, 736, 737, 738, 739, 742], "summary": {"covered_lines": 11, "num_statements": 14, "percent_covered": 78.57142857142857, "percent_covered_display": "79", "missing_lines": 3, "excluded_lines": 0, "percent_statements_covered": 78.57142857142857, "percent_statements_covered_display": "79"}, "missing_lines": [730, 734, 735], "excluded_lines": [], "start_line": 722}, "GrowwBroker.instruments": {"executed_lines": [], "summary": {"covered_lines": 0, "num_statements": 3, "percent_covered": 0.0, "percent_covered_display": "0", "missing_lines": 3, "excluded_lines": 0, "percent_statements_covered": 0.0, "percent_statements_covered_display": "0"}, "missing_lines": [749, 750, 752], "excluded_lines": [], "start_line": 745}, "GrowwBroker.historical_data": {"executed_lines": [], "summary": {"covered_lines": 0, "num_statements": 16, "percent_covered": 0.0, "percent_covered_display": "0", "missing_lines": 16, "excluded_lines": 0, "percent_statements_covered": 0.0, "percent_statements_covered_display": "0"}, "missing_lines": [782, 790, 794, 795, 796, 797, 798, 799, 803, 811, 814, 815, 816, 817, 818, 819], "excluded_lines": [], "start_line": 759}, "GrowwBroker.holidays": {"executed_lines": [], "summary": {"covered_lines": 0, "num_statements": 1, "percent_covered": 0.0, "percent_covered_display": "0", "missing_lines": 1, "excluded_lines": 0, "percent_statements_covered": 0.0, "percent_statements_covered_display": "0"}, "missing_lines": [825], "excluded_lines": [], "start_line": 822}, "GrowwBroker.market_status": {"executed_lines": [], "summary": {"covered_lines": 0, "num_statements": 13, "percent_covered": 0.0, "percent_covered_display": "0", "missing_lines": 13, "excluded_lines": 0, "percent_statements_covered": 0.0, "percent_statements_covered_display": "0"}, "missing_lines": [838, 839, 840, 841, 842, 843, 844, 845, 847, 848, 849, 850, 851], "excluded_lines": [], "start_line": 828}, "GrowwBroker._call_market_status_sdk": {"executed_lines": [], "summary": {"covered_lines": 0, "num_statements": 9, "percent_covered": 0.0, "percent_covered_display": "0", "missing_lines": 9, "excluded_lines": 0, "percent_statements_covered": 0.0, "percent_statements_covered_display": "0"}, "missing_lines": [855, 856, 859, 860, 861, 862, 863, 864, 865], "excluded_lines": [], "start_line": 853}, "GrowwBroker.basket_order_margins": {"executed_lines": [], "summary": {"covered_lines": 0, "num_statements": 14, "percent_covered": 0.0, "percent_covered_display": "0", "missing_lines": 14, "excluded_lines": 0, "percent_statements_covered": 0.0, "percent_statements_covered_display": "0"}, "missing_lines": [873, 874, 875, 876, 877, 878, 889, 890, 891, 892, 900, 901, 903, 904], "excluded_lines": [], "start_line": 870}, "GrowwBroker.place_order": {"executed_lines": [], "summary": {"covered_lines": 0, "num_statements": 11, "percent_covered": 0.0, "percent_covered_display": "0", "missing_lines": 11, "excluded_lines": 0, "percent_statements_covered": 0.0, "percent_statements_covered_display": "0"}, "missing_lines": [913, 914, 915, 916, 920, 921, 935, 936, 938, 939, 940], "excluded_lines": [], "start_line": 907}, "GrowwBroker._resolve_exchange_from_order": {"executed_lines": [], "summary": {"covered_lines": 0, "num_statements": 7, "percent_covered": 0.0, "percent_covered_display": "0", "missing_lines": 7, "excluded_lines": 0, "percent_statements_covered": 0.0, "percent_statements_covered_display": "0"}, "missing_lines": [947, 948, 949, 950, 951, 952, 953], "excluded_lines": [], "start_line": 942}, "GrowwBroker.modify_order": {"executed_lines": [], "summary": {"covered_lines": 0, "num_statements": 8, "percent_covered": 0.0, "percent_covered_display": "0", "missing_lines": 8, "excluded_lines": 0, "percent_statements_covered": 0.0, "percent_statements_covered_display": "0"}, "missing_lines": [960, 961, 962, 963, 964, 968, 969, 979], "excluded_lines": [], "start_line": 956}, "GrowwBroker.cancel_order": {"executed_lines": [], "summary": {"covered_lines": 0, "num_statements": 8, "percent_covered": 0.0, "percent_covered_display": "0", "missing_lines": 8, "excluded_lines": 0, "percent_statements_covered": 0.0, "percent_statements_covered_display": "0"}, "missing_lines": [985, 986, 987, 988, 989, 993, 994, 995], "excluded_lines": [], "start_line": 982}, "GrowwBroker.place_gtt": {"executed_lines": [], "summary": {"covered_lines": 0, "num_statements": 14, "percent_covered": 0.0, "percent_covered_display": "0", "missing_lines": 14, "excluded_lines": 0, "percent_statements_covered": 0.0, "percent_statements_covered_display": "0"}, "missing_lines": [1045, 1046, 1054, 1055, 1057, 1058, 1059, 1071, 1072, 1073, 1074, 1075, 1076, 1077], "excluded_lines": [], "start_line": 1021}, "GrowwBroker._place_oco_emulated": {"executed_lines": [], "summary": {"covered_lines": 0, "num_statements": 12, "percent_covered": 0.0, "percent_covered_display": "0", "missing_lines": 12, "excluded_lines": 0, "percent_statements_covered": 0.0, "percent_statements_covered_display": "0"}, "missing_lines": [1096, 1097, 1101, 1110, 1111, 1120, 1123, 1124, 1125, 1126, 1130, 1133], "excluded_lines": [], "start_line": 1079}, "GrowwBroker._parse_oco_id": {"executed_lines": [], "summary": {"covered_lines": 0, "num_statements": 9, "percent_covered": 0.0, "percent_covered_display": "0", "missing_lines": 9, "excluded_lines": 0, "percent_statements_covered": 0.0, "percent_statements_covered_display": "0"}, "missing_lines": [1138, 1139, 1140, 1141, 1142, 1143, 1144, 1145, 1146], "excluded_lines": [], "start_line": 1136}, "GrowwBroker.modify_gtt": {"executed_lines": [], "summary": {"covered_lines": 0, "num_statements": 18, "percent_covered": 0.0, "percent_covered_display": "0", "missing_lines": 18, "excluded_lines": 0, "percent_statements_covered": 0.0, "percent_statements_covered_display": "0"}, "missing_lines": [1167, 1168, 1169, 1170, 1171, 1174, 1183, 1192, 1193, 1196, 1200, 1201, 1203, 1204, 1205, 1214, 1215, 1216], "excluded_lines": [], "start_line": 1149}, "GrowwBroker.cancel_gtt": {"executed_lines": [], "summary": {"covered_lines": 0, "num_statements": 27, "percent_covered": 0.0, "percent_covered_display": "0", "missing_lines": 27, "excluded_lines": 0, "percent_statements_covered": 0.0, "percent_statements_covered_display": "0"}, "missing_lines": [1233, 1234, 1235, 1236, 1237, 1238, 1239, 1240, 1241, 1244, 1245, 1246, 1247, 1250, 1251, 1254, 1266, 1267, 1276, 1277, 1278, 1283, 1284, 1285, 1286, 1287, 1291], "excluded_lines": [], "start_line": 1219}, "GrowwBroker.get_gtts": {"executed_lines": [], "summary": {"covered_lines": 0, "num_statements": 13, "percent_covered": 0.0, "percent_covered_display": "0", "missing_lines": 13, "excluded_lines": 0, "percent_statements_covered": 0.0, "percent_statements_covered_display": "0"}, "missing_lines": [1297, 1298, 1299, 1300, 1306, 1307, 1308, 1309, 1310, 1312, 1313, 1314, 1315], "excluded_lines": [], "start_line": 1294}, "GrowwBroker.translate_qty": {"executed_lines": [], "summary": {"covered_lines": 0, "num_statements": 1, "percent_covered": 0.0, "percent_covered_display": "0", "missing_lines": 1, "excluded_lines": 0, "percent_statements_covered": 0.0, "percent_statements_covered_display": "0"}, "missing_lines": [1328], "excluded_lines": [], "start_line": 1319}, "GrowwBroker.normalise_qty": {"executed_lines": [], "summary": {"covered_lines": 0, "num_statements": 1, "percent_covered": 0.0, "percent_covered_display": "0", "missing_lines": 1, "excluded_lines": 0, "percent_statements_covered": 0.0, "percent_statements_covered_display": "0"}, "missing_lines": [1332], "excluded_lines": [], "start_line": 1330}, "_gi": {"executed_lines": [], "summary": {"covered_lines": 0, "num_statements": 8, "percent_covered": 0.0, "percent_covered_display": "0", "missing_lines": 8, "excluded_lines": 0, "percent_statements_covered": 0.0, "percent_statements_covered_display": "0"}, "missing_lines": [1344, 1345, 1346, 1347, 1348, 1349, 1350, 1351], "excluded_lines": [], "start_line": 1338}, "_gf": {"executed_lines": [], "summary": {"covered_lines": 0, "num_statements": 9, "percent_covered": 0.0, "percent_covered_display": "0", "missing_lines": 9, "excluded_lines": 0, "percent_statements_covered": 0.0, "percent_statements_covered_display": "0"}, "missing_lines": [1356, 1357, 1358, 1359, 1360, 1361, 1362, 1363, 1364], "excluded_lines": [], "start_line": 1354}, "_unwrap": {"executed_lines": [], "summary": {"covered_lines": 0, "num_statements": 3, "percent_covered": 0.0, "percent_covered_display": "0", "missing_lines": 3, "excluded_lines": 0, "percent_statements_covered": 0.0, "percent_statements_covered_display": "0"}, "missing_lines": [1371, 1372, 1373], "excluded_lines": [], "start_line": 1367}, "_iter_rows": {"executed_lines": [], "summary": {"covered_lines": 0, "num_statements": 8, "percent_covered": 0.0, "percent_covered_display": "0", "missing_lines": 8, "excluded_lines": 0, "percent_statements_covered": 0.0, "percent_statements_covered_display": "0"}, "missing_lines": [1380, 1381, 1382, 1383, 1384, 1385, 1386, 1387], "excluded_lines": [], "start_line": 1376}, "_holding_derive_pnl": {"executed_lines": [], "summary": {"covered_lines": 0, "num_statements": 4, "percent_covered": 0.0, "percent_covered_display": "0", "missing_lines": 4, "excluded_lines": 0, "percent_statements_covered": 0.0, "percent_statements_covered_display": "0"}, "missing_lines": [1392, 1393, 1394, 1395], "excluded_lines": [], "start_line": 1390}, "_holding_derive_day_change": {"executed_lines": [], "summary": {"covered_lines": 0, "num_statements": 4, "percent_covered": 0.0, "percent_covered_display": "0", "missing_lines": 4, "excluded_lines": 0, "percent_statements_covered": 0.0, "percent_statements_covered_display": "0"}, "missing_lines": [1400, 1401, 1402, 1403], "excluded_lines": [], "start_line": 1398}, "_holding_derive_day_change_pct": {"executed_lines": [], "summary": {"covered_lines": 0, "num_statements": 4, "percent_covered": 0.0, "percent_covered_display": "0", "missing_lines": 4, "excluded_lines": 0, "percent_statements_covered": 0.0, "percent_statements_covered_display": "0"}, "missing_lines": [1408, 1409, 1410, 1411], "excluded_lines": [], "start_line": 1406}, "_normalise_holdings": {"executed_lines": [], "summary": {"covered_lines": 0, "num_statements": 15, "percent_covered": 0.0, "percent_covered_display": "0", "missing_lines": 15, "excluded_lines": 0, "percent_statements_covered": 0.0, "percent_statements_covered_display": "0"}, "missing_lines": [1415, 1416, 1417, 1418, 1419, 1420, 1421, 1422, 1423, 1431, 1443, 1444, 1445, 1446, 1463], "excluded_lines": [], "start_line": 1414}, "_position_day_buy_value": {"executed_lines": [], "summary": {"covered_lines": 0, "num_statements": 4, "percent_covered": 0.0, "percent_covered_display": "0", "missing_lines": 4, "excluded_lines": 0, "percent_statements_covered": 0.0, "percent_statements_covered_display": "0"}, "missing_lines": [1468, 1469, 1470, 1471], "excluded_lines": [], "start_line": 1466}, "_position_day_sell_value": {"executed_lines": [], "summary": {"covered_lines": 0, "num_statements": 4, "percent_covered": 0.0, "percent_covered_display": "0", "missing_lines": 4, "excluded_lines": 0, "percent_statements_covered": 0.0, "percent_statements_covered_display": "0"}, "missing_lines": [1476, 1477, 1478, 1479], "excluded_lines": [], "start_line": 1474}, "_normalise_positions": {"executed_lines": [], "summary": {"covered_lines": 0, "num_statements": 8, "percent_covered": 0.0, "percent_covered_display": "0", "missing_lines": 8, "excluded_lines": 0, "percent_statements_covered": 0.0, "percent_statements_covered_display": "0"}, "missing_lines": [1483, 1484, 1485, 1486, 1487, 1488, 1533, 1534], "excluded_lines": [], "start_line": 1482}, "_normalise_margins": {"executed_lines": [], "summary": {"covered_lines": 0, "num_statements": 9, "percent_covered": 0.0, "percent_covered_display": "0", "missing_lines": 9, "excluded_lines": 0, "percent_statements_covered": 0.0, "percent_statements_covered_display": "0"}, "missing_lines": [1544, 1545, 1546, 1547, 1548, 1549, 1551, 1552, 1553], "excluded_lines": [], "start_line": 1543}, "_order_status": {"executed_lines": [], "summary": {"covered_lines": 0, "num_statements": 2, "percent_covered": 0.0, "percent_covered_display": "0", "missing_lines": 2, "excluded_lines": 0, "percent_statements_covered": 0.0, "percent_statements_covered_display": "0"}, "missing_lines": [1593, 1594], "excluded_lines": [], "start_line": 1591}, "_normalise_orders": {"executed_lines": [], "summary": {"covered_lines": 0, "num_statements": 3, "percent_covered": 0.0, "percent_covered_display": "0", "missing_lines": 3, "excluded_lines": 0, "percent_statements_covered": 0.0, "percent_statements_covered_display": "0"}, "missing_lines": [1598, 1599, 1600], "excluded_lines": [], "start_line": 1597}, "_extract_groww_gtt_rows": {"executed_lines": [], "summary": {"covered_lines": 0, "num_statements": 6, "percent_covered": 0.0, "percent_covered_display": "0", "missing_lines": 6, "excluded_lines": 0, "percent_statements_covered": 0.0, "percent_statements_covered_display": "0"}, "missing_lines": [1606, 1607, 1608, 1609, 1610, 1611], "excluded_lines": [], "start_line": 1603}, "_normalise_groww_gtt_row": {"executed_lines": [], "summary": {"covered_lines": 0, "num_statements": 3, "percent_covered": 0.0, "percent_covered_display": "0", "missing_lines": 3, "excluded_lines": 0, "percent_statements_covered": 0.0, "percent_statements_covered_display": "0"}, "missing_lines": [1616, 1617, 1618], "excluded_lines": [], "start_line": 1614}, "_normalise_quote_row": {"executed_lines": [], "summary": {"covered_lines": 0, "num_statements": 2, "percent_covered": 0.0, "percent_covered_display": "0", "missing_lines": 2, "excluded_lines": 0, "percent_statements_covered": 0.0, "percent_statements_covered_display": "0"}, "missing_lines": [1634, 1635], "excluded_lines": [], "start_line": 1632}, "": {"executed_lines": [32, 34, 35, 36, 37, 38, 40, 41, 44, 46, 49, 84, 85, 86, 88, 89, 98, 99, 102, 105, 106, 115, 195, 196, 199, 205, 217, 229, 241, 253, 262, 265, 274, 284, 301, 321, 335, 358, 367, 374, 389, 406, 417, 429, 446, 469, 483, 491, 495, 501, 502, 505, 506, 509, 510, 517, 518, 534, 535, 539, 540, 544, 545, 564, 565, 569, 570, 594, 606, 607, 626, 648, 649, 664, 698, 722, 744, 745, 758, 759, 822, 827, 828, 853, 869, 870, 906, 907, 942, 955, 956, 981, 982, 1020, 1021, 1079, 1135, 1136, 1148, 1149, 1218, 1219, 1293, 1294, 1319, 1330, 1338, 1354, 1367, 1376, 1390, 1398, 1406, 1414, 1466, 1474, 1482, 1540, 1543, 1570, 1591, 1597, 1603, 1614, 1632], "summary": {"covered_lines": 125, "num_statements": 131, "percent_covered": 95.41984732824427, "percent_covered_display": "95", "missing_lines": 6, "excluded_lines": 0, "percent_statements_covered": 95.41984732824427, "percent_statements_covered_display": "95"}, "missing_lines": [107, 108, 109, 110, 111, 112], "excluded_lines": [], "start_line": 1}}, "classes": {"GrowwBroker": {"executed_lines": [503, 513, 609, 610, 615, 617, 618, 622, 631, 633, 634, 635, 637, 638, 639, 642, 643, 644, 645, 646, 702, 703, 711, 713, 714, 718, 727, 728, 729, 731, 732, 733, 736, 737, 738, 739, 742], "summary": {"covered_lines": 37, "num_statements": 313, "percent_covered": 11.821086261980831, "percent_covered_display": "12", "missing_lines": 276, "excluded_lines": 0, "percent_statements_covered": 11.821086261980831, "percent_statements_covered_display": "12"}, "missing_lines": [496, 497, 507, 519, 520, 521, 522, 523, 524, 531, 532, 536, 537, 541, 542, 546, 552, 553, 554, 555, 556, 560, 561, 562, 566, 567, 580, 581, 584, 585, 586, 587, 588, 589, 590, 591, 592, 599, 602, 611, 612, 613, 614, 616, 623, 624, 632, 636, 640, 641, 658, 659, 660, 661, 662, 666, 667, 668, 669, 670, 671, 672, 674, 675, 676, 677, 680, 681, 684, 685, 686, 687, 688, 689, 693, 694, 695, 696, 704, 705, 706, 707, 708, 709, 710, 712, 719, 720, 730, 734, 735, 749, 750, 752, 782, 790, 794, 795, 796, 797, 798, 799, 803, 811, 814, 815, 816, 817, 818, 819, 825, 838, 839, 840, 841, 842, 843, 844, 845, 847, 848, 849, 850, 851, 855, 856, 859, 860, 861, 862, 863, 864, 865, 873, 874, 875, 876, 877, 878, 889, 890, 891, 892, 900, 901, 903, 904, 913, 914, 915, 916, 920, 921, 935, 936, 938, 939, 940, 947, 948, 949, 950, 951, 952, 953, 960, 961, 962, 963, 964, 968, 969, 979, 985, 986, 987, 988, 989, 993, 994, 995, 1045, 1046, 1054, 1055, 1057, 1058, 1059, 1071, 1072, 1073, 1074, 1075, 1076, 1077, 1096, 1097, 1101, 1110, 1111, 1120, 1123, 1124, 1125, 1126, 1130, 1133, 1138, 1139, 1140, 1141, 1142, 1143, 1144, 1145, 1146, 1167, 1168, 1169, 1170, 1171, 1174, 1183, 1192, 1193, 1196, 1200, 1201, 1203, 1204, 1205, 1214, 1215, 1216, 1233, 1234, 1235, 1236, 1237, 1238, 1239, 1240, 1241, 1244, 1245, 1246, 1247, 1250, 1251, 1254, 1266, 1267, 1276, 1277, 1278, 1283, 1284, 1285, 1286, 1287, 1291, 1297, 1298, 1299, 1300, 1306, 1307, 1308, 130
[...]
_display": "0", "missing_lines": 2, "excluded_lines": 0, "percent_statements_covered": 0.0, "percent_statements_covered_display": "0"}, "missing_lines": [305, 307], "excluded_lines": [], "start_line": 302}, "InternalBrokerController.dhan_poll_reset": {"executed_lines": [], "summary": {"covered_lines": 0, "num_statements": 10, "percent_covered": 0.0, "percent_covered_display": "0", "missing_lines": 10, "excluded_lines": 0, "percent_statements_covered": 0.0, "percent_statements_covered_display": "0"}, "missing_lines": [325, 327, 328, 329, 330, 331, 332, 333, 334, 335], "excluded_lines": [], "start_line": 310}, "InternalBrokerController.ticker_subscribe": {"executed_lines": [], "summary": {"covered_lines": 0, "num_statements": 25, "percent_covered": 0.0, "percent_covered_display": "0", "missing_lines": 25, "excluded_lines": 0, "percent_statements_covered": 0.0, "percent_statements_covered_display": "0"}, "missing_lines": [348, 350, 351, 353, 354, 355, 356, 357, 359, 360, 361, 362, 363, 364, 365, 366, 367, 368, 369, 370, 371, 372, 377, 378, 379], "excluded_lines": [], "start_line": 338}, "InternalBrokerController.ticker_force_unhealthy": {"executed_lines": [], "summary": {"covered_lines": 0, "num_statements": 14, "percent_covered": 0.0, "percent_covered_display": "0", "missing_lines": 14, "excluded_lines": 0, "percent_statements_covered": 0.0, "percent_statements_covered_display": "0"}, "missing_lines": [403, 405, 406, 407, 408, 409, 410, 411, 412, 413, 414, 419, 420, 421], "excluded_lines": [], "start_line": 382}, "InternalBrokerController.ticker_status": {"executed_lines": [], "summary": {"covered_lines": 0, "num_statements": 11, "percent_covered": 0.0, "percent_covered_display": "0", "missing_lines": 11, "excluded_lines": 0, "percent_statements_covered": 0.0, "percent_statements_covered_display": "0"}, "missing_lines": [433, 434, 435, 439, 440, 441, 442, 443, 444, 445, 446], "excluded_lines": [], "start_line": 424}, "BrokerDispatchController.call_broker": {"executed_lines": [], "summary": {"covered_lines": 0, "num_statements": 19, "percent_covered": 0.0, "percent_covered_display": "0", "missing_lines": 19, "excluded_lines": 0, "percent_statements_covered": 0.0, "percent_statements_covered_display": "0"}, "missing_lines": [483, 484, 489, 491, 492, 493, 494, 496, 497, 498, 502, 503, 504, 506, 507, 508, 509, 510, 514], "excluded_lines": [], "start_line": 471}, "BrokerDispatchController.verify_postback": {"executed_lines": [], "summary": {"covered_lines": 0, "num_statements": 13, "percent_covered": 0.0, "percent_covered_display": "0", "missing_lines": 13, "excluded_lines": 0, "percent_statements_covered": 0.0, "percent_statements_covered_display": "0"}, "missing_lines": [533, 535, 536, 537, 538, 539, 543, 545, 546, 547, 548, 549, 550], "excluded_lines": [], "start_line": 517}, "BrokerDispatchController.access_token": {"executed_lines": [], "summary": {"covered_lines": 0, "num_statements": 14, "percent_covered": 0.0, "percent_covered_display": "0", "missing_lines": 14, "excluded_lines": 0, "percent_statements_covered": 0.0, "percent_statements_covered_display": "0"}, "missing_lines": [565, 567, 568, 569, 572, 573, 574, 575, 578, 579, 580, 581, 582, 583], "excluded_lines": [], "start_line": 553}, "": {"executed_lines": [53, 55, 56, 57, 58, 59, 61, 62, 64, 77, 90, 105, 118, 143, 148, 150, 151, 195, 201, 203, 204, 231, 232, 250, 251, 270, 271, 284, 285, 301, 302, 309, 310, 337, 338, 381, 382, 423, 424, 449, 468, 470, 471, 516, 517, 552, 553], "summary": {"covered_lines": 47, "num_statements": 47, "percent_covered": 100.0, "percent_covered_display": "100", "missing_lines": 0, "excluded_lines": 0, "percent_statements_covered": 100.0, "percent_statements_covered_display": "100"}, "missing_lines": [], "excluded_lines": [], "start_line": 1}}, "classes": {"HealthController": {"executed_lines": [152, 154, 160, 161, 162, 163, 165, 170, 171, 183, 184, 186], "summary": {"covered_lines": 12, "num_statements": 12, "percent_covered": 100.0, "percent_covered_display": "100", "missing_lines": 0, "excluded_lines": 0, "percent_statements_covered": 100.0, "percent_statements_covered_display": "100"}, "missing_lines": [], "excluded_lines": [], "start_line": 143}, "InternalBrokerController": {"executed_lines": [], "summary": {"covered_lines": 0, "num_statements": 100, "percent_covered": 0.0, "percent_covered_display": "0", "missing_lines": 100, "excluded_lines": 1, "percent_statements_covered": 0.0, "percent_statements_covered_display": "0"}, "missing_lines": [216, 218, 219, 220, 221, 222, 223, 224, 229, 240, 242, 243, 244, 245, 246, 247, 248, 259, 261, 262, 263, 266, 267, 268, 273, 275, 276, 277, 280, 281, 282, 290, 292, 293, 294, 297, 298, 299, 305, 307, 325, 327, 328, 329, 330, 331, 332, 333, 334, 335, 348, 350, 351, 353, 354, 355, 356, 357, 359, 360, 361, 362, 363, 364, 365, 366, 367, 368, 369, 370, 371, 372, 377, 378, 379, 403, 405, 406, 407, 408, 409, 410, 411, 412, 413, 414, 419, 420, 421, 433, 434, 435, 439, 440, 441, 442, 443, 444, 445, 446], "excluded_lines": [205], "start_line": 195}, "BrokerDispatchController": {"executed_lines": [], "summary": {"covered_lines": 0, "num_statements": 46, "percent_covered": 0.0, "percent_covered_display": "0", "missing_lines": 46, "excluded_lines": 0, "percent_statements_covered": 0.0, "percent_statements_covered_display": "0"}, "missing_lines": [483, 484, 489, 491, 492, 493, 494, 496, 497, 498, 502, 503, 504, 506, 507, 508, 509, 510, 514, 533, 535, 536, 537, 538, 539, 543, 545, 546, 547, 548, 549, 550, 565, 567, 568, 569, 572, 573, 574, 575, 578, 579, 580, 581, 582, 583], "excluded_lines": [], "start_line": 449}, "": {"executed_lines": [53, 55, 56, 57, 58, 59, 61, 62, 64, 77, 90, 105, 118, 143, 148, 150, 151, 195, 201, 203, 204, 231, 232, 250, 251, 270, 271, 284, 285, 301, 302, 309, 310, 337, 338, 381, 382, 423, 424, 449, 468, 470, 471, 516, 517, 552, 553], "summary": {"covered_lines": 47, "num_statements": 65, "percent_covered": 72.3076923076923, "percent_covered_display": "72", "missing_lines": 18, "excluded_lines": 0, "percent_statements_covered": 72.3076923076923, "percent_statements_covered_display": "72"}, "missing_lines": [109, 110, 111, 112, 113, 114, 115, 126, 127, 128, 129, 130, 131, 132, 133, 134, 135, 140], "excluded_lines": [], "start_line": 1}}}, "backend/brokers/service/schemas.py": {"executed_lines": [15, 17, 19, 25, 38, 39, 40, 41, 42, 45, 48, 49, 50, 53, 56, 62, 70, 71, 72, 75, 78, 79, 85, 88, 89, 90, 96, 99, 100, 101, 104, 107, 108, 114, 117, 118, 119, 120, 126, 133, 136, 139, 140, 141], "summary": {"covered_lines": 44, "num_statements": 44, "percent_covered": 100.0, "percent_covered_display": "100", "missing_lines": 0, "excluded_lines": 0, "percent_statements_covered": 100.0, "percent_statements_covered_display": "100"}, "missing_lines": [], "excluded_lines": [], "functions": {"": {"executed_lines": [15, 17, 19, 25, 38, 39, 40, 41, 42, 45, 48, 49, 50, 53, 56, 62, 70, 71, 72, 75, 78, 79, 85, 88, 89, 90, 96, 99, 100, 101, 104, 107, 108, 114, 117, 118, 119, 120, 126, 133, 136, 139, 140, 141], "summary": {"covered_lines": 44, "num_statements": 44, "percent_covered": 100.0, "percent_covered_display": "100", "missing_lines": 0, "excluded_lines": 0, "percent_statements_covered": 100.0, "percent_statements_covered_display": "100"}, "missing_lines": [], "excluded_lines": [], "start_line": 1}}, "classes": {"InternalHealthResp": {"executed_lines": [], "summary": {"covered_lines": 0, "num_statements": 0, "percent_covered": 100.0, "percent_covered_display": "100", "missing_lines": 0, "excluded_lines": 0, "percent_statements_covered": 100.0, "percent_statements_covered_display": "100"}, "missing_lines": [], "excluded_lines": [], "start_line": 25}, "InternalAccountRow": {"executed_lines": [], "summary": {"covered_lines": 0, "num_statements": 0, "percent_covered": 100.0, "percent_covered_display": "100", "missing_lines": 0, "excluded_lines": 0, "percent_statements_covered": 100.0, "percent_statements_covered_display": "100"}, "missing_lines": [], "excluded_lines": [], "start_line": 45}, "InternalAccountsResp": {"executed_lines": [], "summary": {"covered_lines": 0, "num_statements": 0, "percent_covered": 100.0, "percent_covered_display": "100", "missing_lines": 0, "excluded_lines": 0, "percent_statements_covered": 100.0, "percent_statements_covered_display": "100"}, "missing_lines": [], "excluded_lines": [], "start_line": 53}, "InternalAccountEnvelope": {"executed_lines": [], "summary": {"covered_lines": 0, "num_statements": 0, "percent_covered": 100.0, "percent_covered_display": "100", "missing_lines": 0, "excluded_lines": 0, "percent_statements_covered": 100.0, "percent_statements_covered_display": "100"}, "missing_lines": [], "excluded_lines": [], "start_line": 62}, "InternalPerAccountResp": {"executed_lines": [], "summary": {"covered_lines": 0, "num_statements": 0, "percent_covered": 100.0, "percent_covered_display": "100", "missing_lines": 0, "excluded_lines": 0, "percent_statements_covered": 100.0, "percent_statements_covered_display": "100"}, "missing_lines": [], "excluded_lines": [], "start_line": 75}, "BrokerCallResp": {"executed_lines": [], "summary": {"covered_lines": 0, "num_statements": 0, "percent_covered": 100.0, "percent_covered_display": "100", "missing_lines": 0, "excluded_lines": 0, "percent_statements_covered": 100.0, "percent_statements_covered_display": "100"}, "missing_lines": [], "excluded_lines": [], "start_line": 85}, "VerifyPostbackReq": {"executed_lines": [], "summary": {"covered_lines": 0, "num_statements": 0, "percent_covered": 100.0, "percent_covered_display": "100", "missing_lines": 0, "excluded_lines": 0, "percent_statements_covered": 100.0, "percent_statements_covered_display": "100"}, "missing_lines": [], "excluded_lines": [], "start_line": 96}, "VerifyPostbackResp": {"executed_lines": [], "summary": {"covered_lines": 0, "num_statements": 0, "percent_covered": 100.0, "percent_covered_display": "100", "missing_lines": 0, "excluded_lines": 0, "percent_statements_covered": 100.0, "percent_statements_covered_display": "100"}, "missing_lines": [], "excluded_lines": [], "start_line": 104}, "TickerSubscribeResp": {"executed_lines": [], "summary": {"covered_lines": 0, "num_statements": 0, "percent_covered": 100.0, "percent_covered_display": "100", "missing_lines": 0, "excluded_lines": 0, "percent_statements_covered": 100.0, "percent_statements_covered_display": "100"}, "missing_lines": [], "excluded_lines": [], "start_line": 114}, "PollResetRequest": {"executed_lines": [], "summary": {"covered_lines": 0, "num_statements": 0, "percent_covered": 100.0, "percent_covered_display": "100", "missing_lines": 0, "excluded_lines": 0, "percent_statements_covered": 100.0, "percent_statements_covered_display": "100"}, "missing_lines": [], "excluded_lines": [], "start_line": 126}, "PollResetResp": {"executed_lines": [], "summary": {"covered_lines": 0, "num_statements": 0, "percent_covered": 100.0, "percent_covered_display": "100", "missing_lines": 0, "excluded_lines": 0, "percent_statements_covered": 100.0, "percent_statements_covered_display": "100"}, "missing_lines": [], "excluded_lines": [], "start_line": 136}, "": {"executed_lines": [15, 17, 19, 25, 38, 39, 40, 41, 42, 45, 48, 49, 50, 53, 56, 62, 70, 71, 72, 75, 78, 79, 85, 88, 89, 90, 96, 99, 100, 101, 104, 107, 108, 114, 117, 118, 119, 120, 126, 133, 136, 139, 140, 141], "summary": {"covered_lines": 44, "num_statements": 44, "percent_covered": 100.0, "percent_covered_display": "100", "missing_lines": 0, "excluded_lines": 0, "percent_statements_covered": 100.0, "percent_statements_covered_display": "100"}, "missing_lines": [], "excluded_lines": [], "start_line": 1}}}, "backend/brokers/tick_buffer.py": {"executed_lines": [39, 41, 42, 43, 44, 48, 49, 50, 54, 55, 56, 58, 59, 60, 63, 64, 70, 78, 79, 80, 81, 85, 86, 87, 88, 90, 91, 93, 95, 97, 102, 107, 108, 109, 110, 111, 112, 113, 114, 115, 117, 127, 128, 129, 130, 132, 133, 134, 141, 142, 143, 144, 145, 146, 147, 149, 150, 151, 153, 154, 160, 167, 168, 169, 170, 174, 175, 176, 178, 180, 183, 185, 188, 190, 232, 233, 234, 235, 236, 237, 238, 239, 240, 243, 244, 245, 246, 247, 248, 249, 250, 251, 253, 260, 261, 262, 263, 264, 271, 275, 276, 277, 278, 279, 280, 282, 292, 293, 294, 295, 296, 297, 298, 299, 302, 303, 304, 305, 306, 308, 309], "summary": {"covered_lines": 121, "num_statements": 123, "percent_covered": 98.3739837398374, "percent_covered_display": "98", "missing_lines": 2, "excluded_lines": 0, "percent_statements_covered": 98.3739837398374, "percent_statements_covered_display": "98"}, "missing_lines": [265, 269], "excluded_lines": [], "functions": {"_buffer_size": {"executed_lines": [64], "summary": {"covered_lines": 1, "num_statements": 1, "percent_covered": 100.0, "percent_covered_display": "100", "missing_lines": 0, "excluded_lines": 0, "percent_statements_covered": 100.0, "percent_statements_covered_display": "100"}, "missing_lines": [], "excluded_lines": [], "start_line": 63}, "TickBufferWriter.__init__": {"executed_lines": [79, 80, 81, 85, 86, 87, 88, 90, 91], "summary": {"covered_lines": 9, "num_statements": 9, "percent_covered": 100.0, "percent_covered_display": "100", "missing_lines": 0, "excluded_lines": 0, "percent_statements_covered": 100.0, "percent_statements_covered_display": "100"}, "missing_lines": [], "excluded_lines": [], "start_line": 78}, "TickBufferWriter._reset": {"executed_lines": [95, 97], "summary": {"covered_lines": 2, "num_statements": 2, "percent_covered": 100.0, "percent_covered_display": "100", "missing_lines": 0, "excluded_lines": 0, "percent_statements_covered": 100.0, "percent_statements_covered_display": "100"}, "missing_lines": [], "excluded_lines": [], "start_line": 93}, "TickBufferWriter._slot_index": {"executed_lines": [107, 108, 109, 110, 111, 112, 113, 114, 115], "summary": {"covered_lines": 9, "num_statements": 9, "percent_covered": 100.0, "percent_covered_display": "100", "missing_lines": 0, "excluded_lines": 0, "percent_statements_covered": 100.0, "percent_statements_covered_display": "100"}, "missing_lines": [], "excluded_lines": [], "start_line": 102}, "TickBufferWriter.upsert": {"executed_lines": [127, 128, 129, 130, 132, 133, 134, 141, 142, 143, 144, 145, 146, 147, 149, 150, 151], "summary": {"covered_lines": 17, "num_statements": 17, "percent_covered": 100.0, "percent_covered_display": "100", "missing_lines": 0, "excluded_lines": 0, "percent_statements_covered": 100.0, "percent_statements_covered_display": "100"}, "missing_lines": [], "excluded_lines": [], "start_line": 117}, "TickBufferWriter.close": {"executed_lines": [154], "summary": {"covered_lines": 1, "num_statements": 1, "percent_covered": 100.0, "percent_covered_display": "100", "missing_lines": 0, "excluded_lines": 0, "percent_statements_covered": 100.0, "percent_statements_covered_display": "100"}, "missing_lines": [], "excluded_lines": [], "start_line": 153}, "TickBufferReader.__init__": {"executed_lines": [168, 169, 170, 174, 175, 176, 178], "summary": {"covered_lines": 7, "num_statements": 7, "percent_covered": 100.0, "percent_covered_display": "100", "missing_lines": 0, "excluded_lines": 0, "percent_statements_covered": 100.0, "percent_statements_covered_display": "100"}, "missing_lines": [], "excluded_lines": [], "start_line": 167}, "TickBufferReader.header": {"executed_lines": [183], "summary": {"covered_lines": 1, "num_statements": 1, "percent_covered": 100.0, "percent_covered_display": "100", "missing_lines": 0, "excluded_lines": 0, "percent_statements_covered": 100.0, "percent_statements_covered_display": "100"}, "missing_lines": [], "excluded_lines": [], "start_line": 180}, "TickBufferReader.version": {"executed_lines": [188], "summary": {"covered_lines": 1, "num_statements": 1, "percent_covered": 100.0, "percent_covered_display": "100", "missing_lines": 0, "excluded_lines": 0, "percent_statements_covered": 100.0, "percent_statements_covered_display": "100"}, "missing_lines": [], "excluded_lines": [], "start_line": 185}, "TickBufferReader.get_ltp": {"executed_lines": [232, 233, 234, 235, 236, 237, 238, 239, 240, 243, 244, 245, 246, 247, 248, 249, 250, 251, 253, 260, 261, 262, 263, 264], "summary": {"covered_lines": 24, "num_statements": 26, "percent_covered": 92.3076923076923, "percent_covered_display": "92", "missing_lines": 2, "excluded_lines": 0, "percent_statements_covered": 92.3076923076923, "percent_statements_covered_display": "92"}, "missing_lines": [265, 269], "excluded_lines": [], "start_line": 190}, "TickBufferReader.get_ltp_batch": {"executed_lines": [275, 276, 277, 278, 279, 280], "summary": {"covered_lines": 6, "num_statements": 6, "percent_covered": 100.0, "percent_covered_display": "100", "missing_lines": 0, "excluded_lines": 0, "percent_statements_covered": 100.0, "percent_statements_covered_display": "100"}, "missing_lines": [], "excluded_lines": [], "start_line": 271}, "TickBufferReader.iter_active": {"executed_lines": [292, 293, 294, 295, 296, 297, 298, 299, 302, 303, 304, 305, 306], "summary": {"covered_lines": 13, "num_statements": 13, "percent_covered": 100.0, "percent_covered_display": "100", "missing_lines": 0, "excluded_lines": 0, "percent_statements_covered": 100.0, "percent_statements_covered_display": "100"}, "missing_lines": [], "excluded_lines": [], "start_line": 282}, "TickBufferReader.close": {"executed_lines": [309], "summary": {"covered_lines": 1, "num_statements": 1, "percent_covered": 100.0, "percent_covered_display": "100", "missing_lines": 0, "excluded_lines": 0, "percent_statements_covered": 100.0, "percent_statements_covered_display": "100"}, "missing_lines": [], "excluded_lines": [], "start_line": 308}, "": {"executed_lines": [39, 41, 42, 43, 44, 48, 49, 50, 54, 55, 56, 58, 59, 60, 63, 70, 78, 93, 102, 117, 153, 160, 167, 180, 185, 190, 271, 282, 308], "summary": {"covered_lines": 29, "num_statements": 29, "percent_covered": 100.0, "percent_covered_display": "100", "missing_lines": 0, "excluded_lines": 0, "percent_statements_covered": 100.0, "percent_statements_covered_display": "100"}, "missing_lines": [], "excluded_lines": [], "start_line": 1}}, "classes": {"TickBufferWriter": {"executed_lines": [79, 80, 81, 85, 86, 87, 88, 90, 91, 95, 97, 107, 108, 109, 110, 111, 112, 113, 114, 115, 127, 128, 129, 130, 132, 133, 134, 141, 142, 143, 144, 145, 146, 147, 149, 150, 151, 154], "summary": {"covered_lines": 38, "num_statements": 38, "percent_covered": 100.0, "percent_covered_display": "100", "missing_lines": 0, "excluded_lines": 0, "percent_statements_covered": 100.0, "percent_statements_covered_display": "100"}, "missing_lines": [], "excluded_lines": [], "start_line": 70}, "TickBufferReader": {"executed_lines": [168, 169, 170, 174, 175, 176, 178, 183, 188, 232, 233, 234, 235, 236, 237, 238, 239, 240, 243, 244, 245, 246, 247, 248, 249, 250, 251, 253, 260, 261, 262, 263, 264, 275, 276, 277, 278, 279, 280, 292, 293, 294, 295, 296, 297, 298, 299, 302, 303, 304, 305, 306, 309], "summary": {"covered_lines": 53, "num_statements": 55, "percent_covered": 96.36363636363636, "percent_covered_display": "96", "missing_lines": 2, "excluded_lines": 0, "percent_statements_covered": 96.36363636363636, "percent_statements_covered_display": "96"}, "missing_lines": [265, 269], "excluded_lines": [], "start_line": 160}, "": {"executed_lines": [39, 41, 42, 43, 44, 48, 49, 50, 54, 55, 56, 58, 59, 60, 63, 64, 70, 78, 93, 102, 117, 153, 160, 167, 180, 185, 190, 271, 282, 308], "summary": {"covered_lines": 30, "num_statements": 30, "percent_covered": 100.0, "percent_covered_display": "100", "missing_lines": 0, "excluded_lines": 0, "percent_statements_covered": 100.0, "percent_statements_covered_display": "100"}, "missing_lines": [], "excluded_lines": [], "start_line": 1}}}}, "totals": {"covered_lines": 2828, "num_statements": 5263, "percent_covered": 53.733612008360254, "percent_covered_display": "54", "missing_lines": 2435, "excluded_lines": 32, "percent_statements_covered": 53.733612008360254, "percent_statements_covered_display": "54"}}